<?xml version="1.0" encoding="UTF-8"?>
<!-- Generated by org.testng.reporters.JUnitXMLReporter -->
<testsuite ignored="2" hostname="Albion" failures="0" tests="0" time="0.001" errors="0" timestamp="2024-02-29T17:08:58 PST">
  <testcase classname="com.android.tests.TestCase" name="verifyErrorMsg" time="0.0">
    <ignored/>
  </testcase> <!-- verifyErrorMsg -->
  <testcase classname="com.android.tests.TestCase" name="PositiveFlow" time="0.0">
    <ignored/>
  </testcase> <!-- PositiveFlow -->
</testsuite>
