<?xml version="1.0" encoding="UTF-8"?>
<!-- Generated by org.testng.reporters.JUnitXMLReporter -->
<testsuite ignored="0" hostname="Albion" failures="1" tests="2" name="Error validations" time="51.118" errors="0" timestamp="2024-03-04T12:18:59 PST">
  <testcase classname="com.android.tests.TestCase" name="verifyErrorMsg" time="9.776">
    <failure type="java.lang.AssertionError" message="expected [Please enter name] but found [Please enter your name]">
      <![CDATA[java.lang.AssertionError: expected [Please enter name] but found [Please enter your name]
at com.android.tests.TestCase.verifyErrorMsg(TestCase.java:29)
at java.base/java.util.ArrayList.forEach(ArrayList.java:1541)
... Removed 37 stack frames]]>
    </failure>
  </testcase> <!-- verifyErrorMsg -->
  <testcase classname="com.android.tests.TestCase" name="PositiveFlow" time="10.276"/>
</testsuite> <!-- Error validations -->
