<?xml version="1.0" encoding="UTF-8"?>
<testsuite xmlns:xsi="http://www.w3.org/2001/XMLSchema-instance" xsi:noNamespaceSchemaLocation="https://maven.apache.org/surefire/maven-surefire-plugin/xsd/surefire-test-report-3.0.xsd" version="3.0" name="TestSuite" time="183.981" tests="4" errors="0" skipped="0" failures="1">
  <properties>
[...]
</properties>
  <testcase name="fillForm[{name=Preethi, country=Argentina, gender=female}](1)" classname="com.android.tests.TotalSumValidate" time="40.746">
    <system-out><![CDATA[&amp#27;[35m[Appium]&amp#27;[39m Welcome to Appium v2.4.1
&amp#27;[35m[Appium]&amp#27;[39m The autodetected Appium home path: C:\Users\gnani\.appium
&amp#27;[35m[Appium]&amp#27;[39m Attempting to load driver uiautomator2...
&amp#27;[35m[Appium]&amp#27;[39m Requiring driver at C:\Users\gnani\.appium\node_modules\appium-uiautomator2-driver\build\index.js
&amp#27;[35m[Appium]&amp#27;[39m AndroidUiautomator2Driver has been successfully loaded in 2.466s
&amp#27;[35m[Appium]&amp#27;[39m Appium REST http interface listener started on http://0.0.0.0:4723
&amp#27;[35m[Appium]&amp#27;[39m You can provide the following URLs in your client code to connect to this server:
&amp#27;[35m[Appium]&amp#27;[39m 	http://192.168.1.16:4723/
&amp#27;[35m[Appium]&amp#27;[39m 	http://127.0.0.1:4723/ (only accessible from the same host)
&amp#27;[35m[Appium]&amp#27;[39m Available drivers:
&amp#27;[35m[Appium]&amp#27;[39m   - uiautomator2@3.0.0 (automationName 'UiAutomator2')
&amp#27;[35m[Appium]&amp#27;[39m No plugins have been installed. Use the "appium plugin" command to install the one(s) you want to use.
&amp#27;[38;5;0m[HTTP]&amp#27;[0m &amp#27;[37m-->&amp#27;[39m &amp#27;[37mGET&amp#27;[39m &amp#27;[37m/status&amp#27;[39m
&amp#27;[38;5;0m[HTTP]&amp#27;[0m &amp#27;[90m{}&amp#27;[39m
&amp#27;[38;5;16m[AppiumDriver@c6a7]&amp#27;[0m Calling AppiumDriver.getStatus() with args: []
&amp#27;[38;5;16m[AppiumDriver@c6a7]&amp#27;[0m Responding to client with driver.getStatus() result: {"ready":true,"message":"The server is ready to accept new connections","build":{"version":"2.4.1"}}
&amp#27;[38;5;0m[HTTP]&amp#27;[0m &amp#27;[37m<-- GET /status &amp#27;[39m&amp#27;[32m200&amp#27;[39m &amp#27;[90m10 ms - 110&amp#27;[39m
&amp#27;[38;5;0m[HTTP]&amp#27;[0m &amp#27;[90m&amp#27;[39m
&amp#27;[38;5;0m[HTTP]&amp#27;[0m Request idempotency key: 34b59ee6-3346-4576-ab4b-3c7c76b1e00b
&amp#27;[38;5;0m[HTTP]&amp#27;[0m &amp#27;[37m-->&amp#27;[39m &amp#27;[37mPOST&amp#27;[39m &amp#27;[37m/session&amp#27;[39m
&amp#27;[38;5;0m[HTTP]&amp#27;[0m &amp#27;[90m{"capabilities":{"firstMatch":[{}],"alwaysMatch":{"appium:app":"C:\\Users\\gnani\\eclipse-workspace\\AppiumFramework//src//test//java//com//tests//resources//apk_files//General-Store.apk","platformName":"ANDROID","appium:automationName":"UIAutomator2","appium:deviceName":"Android Emulator"}}}&amp#27;[39m
&amp#27;[38;5;16m[AppiumDriver@c6a7]&amp#27;[0m Calling AppiumDriver.createSession() with args: [null,null,{"firstMatch":[{}],"alwaysMatch":{"appium:app":"C:\\Users\\gnani\\eclipse-workspace\\AppiumFramework//src//test//java//com//tests//resources//apk_files//General-Store.apk","platformName":"ANDROID","appium:automationName":"UIAutomator2","appium:deviceName":"Android Emulator"}}]
&amp#27;[38;5;16m[AppiumDriver@c6a7]&amp#27;[0m Event 'newSessionRequested' logged at 1709583364782 (12:16:04 GMT-0800 (Pacific Standard Time))
&amp#27;[35m[Appium]&amp#27;[39m Attempting to find matching driver for automationName 'UIAutomator2' and platformName 'ANDROID'
&amp#27;[35m[Appium]&amp#27;[39m The 'uiautomator2' driver was installed and matched caps.
&amp#27;[35m[Appium]&amp#27;[39m Will require it at C:\Users\gnani\.appium\node_modules\appium-uiautomator2-driver
&amp#27;[35m[Appium]&amp#27;[39m Requiring driver at C:\Users\gnani\.appium\node_modules\appium-uiautomator2-driver\build\index.js
&amp#27;[38;5;16m[AppiumDriver@c6a7]&amp#27;[0m Appium v2.4.1 creating new AndroidUiautomator2Driver (v3.0.0) session
&amp#27;[38;5;16m[AppiumDriver@c6a7]&amp#27;[0m Checking BaseDriver versions for Appium and AndroidUiautomator2Driver
&amp#27;[38;5;16m[AppiumDriver@c6a7]&amp#27;[0m Appium's BaseDriver version is 9.5.0
&amp#27;[38;5;16m[AppiumDriver@c6a7]&amp#27;[0m AndroidUiautomator2Driver's BaseDriver version is 9.5.0
&amp#27;[38;5;32m[AndroidUiautomator2Driver@50f4]&amp#27;[0m Creating session with W3C capabilities: {
&amp#27;[38;5;32m[AndroidUiautomator2Driver@50f4]&amp#27;[0m   "alwaysMatch": {
&amp#27;[38;5;32m[AndroidUiautomator2Driver@50f4]&amp#27;[0m     "platformName": "ANDROID",
&amp#27;[38;5;32m[AndroidUiautomator2Driver@50f4]&amp#27;[0m     "appium:app": "C:\\Users\\gnani\\eclipse-workspace\\AppiumFramework//src//test//java//com//tests//resources//apk_files//General-Store.apk",
&amp#27;[38;5;32m[AndroidUiautomator2Driver@50f4]&amp#27;[0m     "appium:automationName": "UIAutomator2",
&amp#27;[38;5;32m[AndroidUiautomator2Driver@50f4]&amp#27;[0m     "appium:deviceName": "Android Emulator"
&amp#27;[38;5;32m[AndroidUiautomator2Driver@50f4]&amp#27;[0m   },
&amp#27;[38;5;32m[AndroidUiautomator2Driver@50f4]&amp#27;[0m   "firstMatch": [
&amp#27;[38;5;32m[AndroidUiautomator2Driver@50f4]&amp#27;[0m     {}
&amp#27;[38;5;32m[AndroidUiautomator2Driver@50f4]&amp#27;[0m   ]
&amp#27;[38;5;32m[AndroidUiautomator2Driver@50f4]&amp#27;[0m }
&amp#27;[38;5;32m[AndroidUiautomator2Driver@50f4 (48f58814)]&amp#27;[0m Session created with session id: 48f58814-9324-45e5-aebe-ca3eb176c9c0
&amp#27;[38;5;48m[ADB]&amp#27;[0m Found 1 'build-tools' folders under 'C:\Users\gnani\AppData\Local\Android\Sdk' (newest first):
&amp#27;[38;5;48m[ADB]&amp#27;[0m     C:\Users\gnani\AppData\Local\Android\Sdk\build-tools\34.0.0
&amp#27;[38;5;48m[ADB]&amp#27;[0m Using 'adb.exe' from 'C:\Users\gnani\AppData\Local\Android\Sdk\platform-tools\adb.exe'
&amp#27;[38;5;48m[ADB]&amp#27;[0m Running 'C:\Users\gnani\AppData\Local\Android\Sdk\platform-tools\adb.exe -P 5037 start-server'
&amp#27;[38;5;32m[AndroidUiautomator2Driver@50f4 (48f58814)]&amp#27;[0m Retrieving device list
&amp#27;[38;5;48m[ADB]&amp#27;[0m Trying to find connected Android devices
&amp#27;[38;5;48m[ADB]&amp#27;[0m Getting connected devices
&amp#27;[38;5;48m[ADB]&amp#27;[0m Connected devices: [{"udid":"emulator-5554","state":"device"}]
&amp#27;[38;5;32m[AndroidUiautomator2Driver@50f4 (48f58814)]&amp#27;[0m Using device: emulator-5554
&amp#27;[38;5;48m[ADB]&amp#27;[0m Using 'adb.exe' from 'C:\Users\gnani\AppData\Local\Android\Sdk\platform-tools\adb.exe'
&amp#27;[38;5;48m[ADB]&amp#27;[0m Running 'C:\Users\gnani\AppData\Local\Android\Sdk\platform-tools\adb.exe -P 5037 start-server'
&amp#27;[38;5;48m[ADB]&amp#27;[0m Setting device id to emulator-5554
&amp#27;[38;5;64m[BaseDriver]&amp#27;[0m Using local app 'C:\Users\gnani\eclipse-workspace\AppiumFramework//src//test//java//com//tests//resources//apk_files//General-Store.apk'
&amp#27;[38;5;32m[AndroidUiautomator2Driver@50f4 (48f58814)]&amp#27;[0m Checking whether app is actually present
&amp#27;[38;5;48m[ADB]&amp#27;[0m Running 'C:\Users\gnani\AppData\Local\Android\Sdk\platform-tools\adb.exe -P 5037 -s emulator-5554 shell getprop ro.build.version.sdk'
&amp#27;[38;5;48m[ADB]&amp#27;[0m Current device property 'ro.build.version.sdk': 33
&amp#27;[38;5;48m[ADB]&amp#27;[0m Getting device platform version
&amp#27;[38;5;48m[ADB]&amp#27;[0m Running 'C:\Users\gnani\AppData\Local\Android\Sdk\platform-tools\adb.exe -P 5037 -s emulator-5554 shell getprop ro.build.version.release'
&amp#27;[38;5;48m[ADB]&amp#27;[0m Current device property 'ro.build.version.release': 13
&amp#27;[38;5;48m[ADB]&amp#27;[0m Device API level: 33
&amp#27;[38;5;32m[AndroidUiautomator2Driver@50f4 (48f58814)]&amp#27;[0m Relaxing hidden api policy
&amp#27;[38;5;48m[ADB]&amp#27;[0m Running 'C:\Users\gnani\AppData\Local\Android\Sdk\platform-tools\adb.exe -P 5037 -s emulator-5554 shell 'settings put global hidden_api_policy_pre_p_apps 1;settings put global hidden_api_policy_p_apps 1;settings put global hidden_api_policy 1''
&amp#27;[38;5;32m[AndroidUiautomator2Driver@50f4 (48f58814)]&amp#27;[0m Parsing package and activity from app manifest
&amp#27;[38;5;48m[ADB]&amp#27;[0m Running 'C:\Users\gnani\AppData\Local\Android\Sdk\platform-tools\adb.exe -P 5037 -s emulator-5554 wait-for-device'
&amp#27;[38;5;48m[ADB]&amp#27;[0m Package name: 'com.androidsample.generalstore'
&amp#27;[38;5;48m[ADB]&amp#27;[0m Main activity name: 'com.androidsample.generalstore.SplashActivity'
&amp#27;[38;5;32m[AndroidUiautomator2Driver@50f4 (48f58814)]&amp#27;[0m Parsed package and activity are: com.androidsample.generalstore/com.androidsample.generalstore.SplashActivity
&amp#27;[38;5;48m[ADB]&amp#27;[0m Running 'C:\Users\gnani\AppData\Local\Android\Sdk\platform-tools\adb.exe -P 5037 -s emulator-5554 shell echo ping'
&amp#27;[38;5;32m[AndroidUiautomator2Driver@50f4 (48f58814)]&amp#27;[0m Pushing settings apk to the device...
&amp#27;[38;5;48m[ADB]&amp#27;[0m Getting package info for 'io.appium.settings'
&amp#27;[38;5;48m[ADB]&amp#27;[0m Running 'C:\Users\gnani\AppData\Local\Android\Sdk\platform-tools\adb.exe -P 5037 -s emulator-5554 shell dumpsys package io.appium.settings'
&amp#27;[38;5;48m[ADB]&amp#27;[0m The version name of the installed 'io.appium.settings' is greater or equal to the application version name ('5.7.5' >= '5.7.5')
&amp#27;[38;5;48m[ADB]&amp#27;[0m There is no need to install/upgrade 'C:\Users\gnani\.appium\node_modules\appium-uiautomator2-driver\node_modules\io.appium.settings\apks\settings_apk-debug.apk'
&amp#27;[38;5;48m[ADB]&amp#27;[0m Running 'C:\Users\gnani\AppData\Local\Android\Sdk\platform-tools\adb.exe -P 5037 -s emulator-5554 shell dumpsys activity services io.appium.settings'
&amp#27;[38;5;48m[ADB]&amp#27;[0m Running 'C:\Users\gnani\AppData\Local\Android\Sdk\platform-tools\adb.exe -P 5037 -s emulator-5554 shell cmd notification allow_listener io.appium.settings/.NLService'
&amp#27;[38;5;48m[ADB]&amp#27;[0m Running 'C:\Users\gnani\AppData\Local\Android\Sdk\platform-tools\adb.exe -P 5037 -s emulator-5554 shell appops set io.appium.settings PROJECT_MEDIA allow'
&amp#27;[38;5;48m[ADB]&amp#27;[0m Running 'C:\Users\gnani\AppData\Local\Android\Sdk\platform-tools\adb.exe -P 5037 -s emulator-5554 shell dumpsys activity services io.appium.settings'
&amp#27;[38;5;80m[SettingsApp]&amp#27;[0m Starting Appium Settings app
&amp#27;[38;5;48m[ADB]&amp#27;[0m Running 'C:\Users\gnani\AppData\Local\Android\Sdk\platform-tools\adb.exe -P 5037 -s emulator-5554 shell am start -n io.appium.settings/.Settings -a android.intent.action.MAIN -c android.intent.category.LAUNCHER'
&amp#27;[38;5;48m[ADB]&amp#27;[0m Running 'C:\Users\gnani\AppData\Local\Android\Sdk\platform-tools\adb.exe -P 5037 -s emulator-5554 shell dumpsys activity services io.appium.settings'
&amp#27;[38;5;48m[ADB]&amp#27;[0m Running 'C:\Users\gnani\AppData\Local\Android\Sdk\platform-tools\adb.exe -P 5037 -s emulator-5554 shell dumpsys activity services io.appium.settings'
&amp#27;[38;5;48m[ADB]&amp#27;[0m Running 'C:\Users\gnani\AppData\Local\Android\Sdk\platform-tools\adb.exe -P 5037 -s emulator-5554 shell dumpsys activity services io.appium.settings'
&amp#27;[38;5;48m[ADB]&amp#27;[0m Running 'C:\Users\gnani\AppData\Local\Android\Sdk\platform-tools\adb.exe -P 5037 -s emulator-5554 shell dumpsys activity services io.appium.settings'
&amp#27;[38;5;48m[ADB]&amp#27;[0m Running 'C:\Users\gnani\AppData\Local\Android\Sdk\platform-tools\adb.exe -P 5037 -s emulator-5554 shell dumpsys activity services io.appium.settings'
&amp#27;[38;5;48m[ADB]&amp#27;[0m Running 'C:\Users\gnani\AppData\Local\Android\Sdk\platform-tools\adb.exe -P 5037 -s emulator-5554 shell dumpsys activity services io.appium.settings'
&amp#27;[38;5;96m[Logcat]&amp#27;[0m Starting logs capture with command: C:\\Users\\gnani\\AppData\\Local\\Android\\Sdk\\platform-tools\\adb.exe -P 5037 -s emulator-5554 logcat -v threadtime
&amp#27;[38;5;32m[AndroidUiautomator2Driver@50f4 (48f58814)]&amp#27;[0m Forwarding UiAutomator2 Server port 6790 to local port 8200
&amp#27;[38;5;48m[ADB]&amp#27;[0m Forwarding system: 8200 to device: 6790
&amp#27;[38;5;48m[ADB]&amp#27;[0m Running 'C:\Users\gnani\AppData\Local\Android\Sdk\platform-tools\adb.exe -P 5037 -s emulator-5554 forward tcp:8200 tcp:6790'
&amp#27;[38;5;48m[ADB]&amp#27;[0m Checking app cert for C:\Users\gnani\eclipse-workspace\AppiumFramework//src//test//java//com//tests//resources//apk_files//General-Store.apk
&amp#27;[38;5;48m[ADB]&amp#27;[0m Checking app cert for C:\Users\gnani\.appium\node_modules\appium-uiautomator2-driver\node_modules\appium-uiautomator2-server\apks\appium-uiautomator2-server-v7.0.0.apk
&amp#27;[38;5;48m[ADB]&amp#27;[0m Checking app cert for C:\Users\gnani\.appium\node_modules\appium-uiautomator2-driver\node_modules\appium-uiautomator2-server\apks\appium-uiautomator2-server-debug-androidTest.apk
&amp#27;[38;5;48m[ADB]&amp#27;[0m Using 'apksigner.jar' from 'C:\Users\gnani\AppData\Local\Android\Sdk\build-tools\34.0.0\lib\apksigner.jar'
&amp#27;[38;5;48m[ADB]&amp#27;[0m Starting apksigner: 'C:\\Program Files\\Java\\jdk-11\\bin\\java.exe' -Xmx1024M -Xss1m -jar C:\\Users\\gnani\\AppData\\Local\\Android\\Sdk\\build-tools\\34.0.0\\lib\\apksigner.jar verify --print-certs C:\\Users\\gnani\\.appium\\node_modules\\appium-uiautomator2-driver\\node_modules\\appium-uiautomator2-server\\apks\\appium-uiautomator2-server-debug-androidTest.apk
&amp#27;[38;5;48m[ADB]&amp#27;[0m Starting apksigner: 'C:\\Program Files\\Java\\jdk-11\\bin\\java.exe' -Xmx1024M -Xss1m -jar C:\\Users\\gnani\\AppData\\Local\\Android\\Sdk\\build-tools\\34.0.0\\lib\\apksigner.jar verify --print-certs C:\\Users\\gnani\\eclipse-workspace\\AppiumFramework//src//test//java//com//tests//resources//apk_files//General-Store.apk
&amp#27;[38;5;48m[ADB]&amp#27;[0m Starting apksigner: 'C:\\Program Files\\Java\\jdk-11\\bin\\java.exe' -Xmx1024M -Xss1m -jar C:\\Users\\gnani\\AppData\\Local\\Android\\Sdk\\build-tools\\34.0.0\\lib\\apksigner.jar verify --print-certs C:\\Users\\gnani\\.appium\\node_modules\\appium-uiautomator2-driver\\node_modules\\appium-uiautomator2-server\\apks\\appium-uiautomator2-server-v7.0.0.apk
&amp#27;[38;5;48m[ADB]&amp#27;[0m apksigner stdout: Signer #1 certificate DN: EMAILADDRESS=android@android.com, CN=Android, OU=Android, O=Android, L=Mountain View, ST=California, C=US
&amp#27;[38;5;48m[ADB]&amp#27;[0m Signer #1 certificate SHA-256 digest: a40da80a59d170caa950cf15c18c454d47a39b26989d8b640ecd745ba71bf5dc
&amp#27;[38;5;48m[ADB]&amp#27;[0m Signer #1 certificate SHA-1 digest: 61ed377e85d386a8dfee6b864bd85b0bfaa5af81
&amp#27;[38;5;48m[ADB]&amp#27;[0m Signer #1 certificate MD5 digest: e89b158e4bcf988ebd09eb83f5378e87
&amp#27;[38;5;48m[ADB]&amp#27;[0m 
&amp#27;[38;5;48m[ADB]&amp#27;[0m sha256 hash did match for 'appium-uiautomator2-server-debug-androidTest.apk'
&amp#27;[38;5;48m[ADB]&amp#27;[0m 'C:\Users\gnani\.appium\node_modules\appium-uiautomator2-driver\node_modules\appium-uiautomator2-server\apks\appium-uiautomator2-server-debug-androidTest.apk' is signed with the default certificate
&amp#27;[38;5;48m[ADB]&amp#27;[0m Getting install status for io.appium.uiautomator2.server.test
&amp#27;[38;5;48m[ADB]&amp#27;[0m Running 'C:\Users\gnani\AppData\Local\Android\Sdk\platform-tools\adb.exe -P 5037 -s emulator-5554 shell pm path io.appium.uiautomator2.server.test'
&amp#27;[38;5;48m[ADB]&amp#27;[0m 'io.appium.uiautomator2.server.test' is not installed
&amp#27;[38;5;48m[ADB]&amp#27;[0m apksigner stdout: Signer #1 certificate DN: EMAILADDRESS=android@android.com, CN=Android, OU=Android, O=Android, L=Mountain View, ST=California, C=US
&amp#27;[38;5;48m[ADB]&amp#27;[0m Signer #1 certificate SHA-256 digest: a40da80a59d170caa950cf15c18c454d47a39b26989d8b640ecd745ba71bf5dc
&amp#27;[38;5;48m[ADB]&amp#27;[0m Signer #1 certificate SHA-1 digest: 61ed377e85d386a8dfee6b864bd85b0bfaa5af81
&amp#27;[38;5;48m[ADB]&amp#27;[0m Signer #1 certificate MD5 digest: e89b158e4bcf988ebd09eb83f5378e87
&amp#27;[38;5;48m[ADB]&amp#27;[0m 
&amp#27;[38;5;48m[ADB]&amp#27;[0m sha256 hash did match for 'General-Store.apk'
&amp#27;[38;5;48m[ADB]&amp#27;[0m 'C:\Users\gnani\eclipse-workspace\AppiumFramework//src//test//java//com//tests//resources//apk_files//General-Store.apk' is signed with the default certificate
&amp#27;[38;5;48m[ADB]&amp#27;[0m Getting package info for 'com.androidsample.generalstore'
&amp#27;[38;5;48m[ADB]&amp#27;[0m Running 'C:\Users\gnani\AppData\Local\Android\Sdk\platform-tools\adb.exe -P 5037 -s emulator-5554 shell dumpsys package com.androidsample.generalstore'
&amp#27;[38;5;48m[ADB]&amp#27;[0m The version name of the installed 'com.androidsample.generalstore' is greater or equal to the application version name ('1.0.0' >= '1.0.0')
&amp#27;[38;5;48m[ADB]&amp#27;[0m There is no need to install/upgrade 'C:\Users\gnani\eclipse-workspace\AppiumFramework//src//test//java//com//tests//resources//apk_files//General-Store.apk'
&amp#27;[38;5;32m[AndroidUiautomator2Driver@50f4 (48f58814)]&amp#27;[0m Performing fast reset on 'com.androidsample.generalstore'
&amp#27;[38;5;48m[ADB]&amp#27;[0m Getting install status for com.androidsample.generalstore
&amp#27;[38;5;48m[ADB]&amp#27;[0m Running 'C:\Users\gnani\AppData\Local\Android\Sdk\platform-tools\adb.exe -P 5037 -s emulator-5554 shell pm path com.androidsample.generalstore'
&amp#27;[38;5;48m[ADB]&amp#27;[0m 'com.androidsample.generalstore' is installed
&amp#27;[38;5;48m[ADB]&amp#27;[0m Running 'C:\Users\gnani\AppData\Local\Android\Sdk\platform-tools\adb.exe -P 5037 -s emulator-5554 shell am force-stop com.androidsample.generalstore'
&amp#27;[38;5;48m[ADB]&amp#27;[0m Running 'C:\Users\gnani\AppData\Local\Android\Sdk\platform-tools\adb.exe -P 5037 -s emulator-5554 shell pm clear com.androidsample.generalstore'
&amp#27;[38;5;48m[ADB]&amp#27;[0m apksigner stdout: Signer #1 certificate DN: EMAILADDRESS=android@android.com, CN=Android, OU=Android, O=Android, L=Mountain View, ST=California, C=US
&amp#27;[38;5;48m[ADB]&amp#27;[0m Signer #1 certificate SHA-256 digest: a40da80a59d170caa950cf15c18c454d47a39b26989d8b640ecd745ba71bf5dc
&amp#27;[38;5;48m[ADB]&amp#27;[0m Signer #1 certificate SHA-1 digest: 61ed377e85d386a8dfee6b864bd85b0bfaa5af81
&amp#27;[38;5;48m[ADB]&amp#27;[0m Signer #1 certificate MD5 digest: e89b158e4bcf988ebd09eb83f5378e87
&amp#27;[38;5;48m[ADB]&amp#27;[0m 
&amp#27;[38;5;48m[ADB]&amp#27;[0m sha256 hash did match for 'appium-uiautomator2-server-v7.0.0.apk'
&amp#27;[38;5;48m[ADB]&amp#27;[0m 'C:\Users\gnani\.appium\node_modules\appium-uiautomator2-driver\node_modules\appium-uiautomator2-server\apks\appium-uiautomator2-server-v7.0.0.apk' is signed with the default certificate
&amp#27;[38;5;48m[ADB]&amp#27;[0m Getting package info for 'io.appium.uiautomator2.server'
&amp#27;[38;5;48m[ADB]&amp#27;[0m Running 'C:\Users\gnani\AppData\Local\Android\Sdk\platform-tools\adb.exe -P 5037 -s emulator-5554 shell dumpsys package io.appium.uiautomator2.server'
&amp#27;[38;5;48m[ADB]&amp#27;[0m App 'C:\Users\gnani\.appium\node_modules\appium-uiautomator2-driver\node_modules\appium-uiautomator2-server\apks\appium-uiautomator2-server-v7.0.0.apk' is not installed
&amp#27;[38;5;32m[AndroidUiautomator2Driver@50f4 (48f58814)]&amp#27;[0m Server packages status: [{"wasSigned":true,"installState":"notInstalled","appPath":"C:\\Users\\gnani\\.appium\\node_modules\\appium-uiautomator2-driver\\node_modules\\appium-uiautomator2-server\\apks\\appium-uiautomator2-server-v7.0.0.apk","appId":"io.appium.uiautomator2.server"},{"wasSigned":true,"installState":"notInstalled","appPath":"C:\\Users\\gnani\\.appium\\node_modules\\appium-uiautomator2-driver\\node_modules\\appium-uiautomator2-server\\apks\\appium-uiautomator2-server-debug-androidTest.apk","appId":"io.appium.uiautomator2.server.test"}]
&amp#27;[38;5;32m[AndroidUiautomator2Driver@50f4 (48f58814)]&amp#27;[0m Server packages are going to be (re)installed
&amp#27;[38;5;48m[ADB]&amp#27;[0m Running 'C:\Users\gnani\AppData\Local\Android\Sdk\platform-tools\adb.exe -P 5037 -s emulator-5554 version'
&amp#27;[38;5;48m[ADB]&amp#27;[0m Running 'C:\Users\gnani\AppData\Local\Android\Sdk\platform-tools\adb.exe -P 5037 -s emulator-5554 features'
&amp#27;[38;5;48m[ADB]&amp#27;[0m Running 'C:\Users\gnani\AppData\Local\Android\Sdk\platform-tools\adb.exe -P 5037 -s emulator-5554 help'
&amp#27;[38;5;48m[ADB]&amp#27;[0m Running 'C:\Users\gnani\AppData\Local\Android\Sdk\platform-tools\adb.exe -P 5037 -s emulator-5554 help'
&amp#27;[38;5;48m[ADB]&amp#27;[0m The application at 'C:\Users\gnani\.appium\node_modules\appium-uiautomator2-driver\node_modules\appium-uiautomator2-server\apks\appium-uiautomator2-server-v7.0.0.apk' will not be cached, because the device under test has confirmed the support of streamed installs
&amp#27;[38;5;48m[ADB]&amp#27;[0m Running 'C:\Users\gnani\AppData\Local\Android\Sdk\platform-tools\adb.exe -P 5037 -s emulator-5554 install -r --no-incremental C:\Users\gnani\.appium\node_modules\appium-uiautomator2-driver\node_modules\appium-uiautomator2-server\apks\appium-uiautomator2-server-v7.0.0.apk'
&amp#27;[38;5;48m[ADB]&amp#27;[0m The application at 'C:\Users\gnani\.appium\node_modules\appium-uiautomator2-driver\node_modules\appium-uiautomator2-server\apks\appium-uiautomator2-server-debug-androidTest.apk' will not be cached, because the device under test has confirmed the support of streamed installs
&amp#27;[38;5;48m[ADB]&amp#27;[0m Running 'C:\Users\gnani\AppData\Local\Android\Sdk\platform-tools\adb.exe -P 5037 -s emulator-5554 install -r --no-incremental C:\Users\gnani\.appium\node_modules\appium-uiautomator2-driver\node_modules\appium-uiautomator2-server\apks\appium-uiautomator2-server-debug-androidTest.apk'
&amp#27;[38;5;32m[AndroidUiautomator2Driver@50f4 (48f58814)]&amp#27;[0m Performed fast reset on the installed 'com.androidsample.generalstore' application (stop and clear)
&amp#27;[38;5;48m[ADB]&amp#27;[0m The installation of 'appium-uiautomator2-server-debug-androidTest.apk' took 3467ms
&amp#27;[38;5;48m[ADB]&amp#27;[0m Install command stdout: Performing Streamed Install
&amp#27;[38;5;48m[ADB]&amp#27;[0m Success
&amp#27;[38;5;48m[ADB]&amp#27;[0m The installation of 'appium-uiautomator2-server-v7.0.0.apk' took 5248ms
&amp#27;[38;5;48m[ADB]&amp#27;[0m Install command stdout: Performing Streamed Install
&amp#27;[38;5;48m[ADB]&amp#27;[0m Success
&amp#27;[38;5;32m[AndroidUiautomator2Driver@50f4 (48f58814)]&amp#27;[0m Waiting up to 30000ms for services to be available
&amp#27;[38;5;48m[ADB]&amp#27;[0m Running 'C:\Users\gnani\AppData\Local\Android\Sdk\platform-tools\adb.exe -P 5037 -s emulator-5554 shell pm list instrumentation'
&amp#27;[38;5;32m[AndroidUiautomator2Driver@50f4 (48f58814)]&amp#27;[0m Instrumentation target 'io.appium.uiautomator2.server.test/androidx.test.runner.AndroidJUnitRunner' is available
&amp#27;[38;5;48m[ADB]&amp#27;[0m Adding packages ["io.appium.settings","io.appium.uiautomator2.server","io.appium.uiautomator2.server.test"] to Doze whitelist
&amp#27;[38;5;48m[ADB]&amp#27;[0m Got the following command chunks to execute: [["dumpsys","deviceidle","whitelist","+io.appium.settings",";","dumpsys","deviceidle","whitelist","+io.appium.uiautomator2.server",";","dumpsys","deviceidle","whitelist","+io.appium.uiautomator2.server.test",";"]]
&amp#27;[38;5;48m[ADB]&amp#27;[0m Running 'C:\Users\gnani\AppData\Local\Android\Sdk\platform-tools\adb.exe -P 5037 -s emulator-5554 shell dumpsys deviceidle whitelist +io.appium.settings ; dumpsys deviceidle whitelist +io.appium.uiautomator2.server ; dumpsys deviceidle whitelist +io.appium.uiautomator2.server.test ;'
&amp#27;[38;5;32m[AndroidUiautomator2Driver@50f4 (48f58814)]&amp#27;[0m Performing shallow cleanup of automation leftovers
&amp#27;[38;5;32m[AndroidUiautomator2Driver@50f4 (48f58814)]&amp#27;[0m No obsolete sessions have been detected (socket hang up)
&amp#27;[38;5;48m[ADB]&amp#27;[0m Running 'C:\Users\gnani\AppData\Local\Android\Sdk\platform-tools\adb.exe -P 5037 -s emulator-5554 shell am force-stop io.appium.uiautomator2.server.test'
&amp#27;[38;5;32m[AndroidUiautomator2Driver@50f4 (48f58814)]&amp#27;[0m Starting UIAutomator2 server 7.0.0
&amp#27;[38;5;32m[AndroidUiautomator2Driver@50f4 (48f58814)]&amp#27;[0m Using UIAutomator2 server from 'C:\Users\gnani\.appium\node_modules\appium-uiautomator2-driver\node_modules\appium-uiautomator2-server\apks\appium-uiautomator2-server-v7.0.0.apk' and test from 'C:\Users\gnani\.appium\node_modules\appium-uiautomator2-driver\node_modules\appium-uiautomator2-server\apks\appium-uiautomator2-server-debug-androidTest.apk'
&amp#27;[38;5;32m[AndroidUiautomator2Driver@50f4 (48f58814)]&amp#27;[0m Waiting up to 30000ms for UiAutomator2 to be online...
&amp#27;[38;5;48m[ADB]&amp#27;[0m Creating ADB subprocess with args: ["-P","5037","-s","emulator-5554","shell","am","instrument","-w","-e","disableAnalytics","true","io.appium.uiautomator2.server.test/androidx.test.runner.AndroidJUnitRunner"]
&amp#27;[38;5;32m[AndroidUiautomator2Driver@50f4 (48f58814)]&amp#27;[0m Matched '/status' to command name 'getStatus'
&amp#27;[38;5;32m[AndroidUiautomator2Driver@50f4 (48f58814)]&amp#27;[0m Proxying [GET /status] to [GET http://127.0.0.1:8200/status] with no body
&amp#27;[38;5;32m[AndroidUiautomator2Driver@50f4 (48f58814)]&amp#27;[0m socket hang up
&amp#27;[38;5;32m[AndroidUiautomator2Driver@50f4 (48f58814)]&amp#27;[0m Matched '/status' to command name 'getStatus'
&amp#27;[38;5;32m[AndroidUiautomator2Driver@50f4 (48f58814)]&amp#27;[0m Proxying [GET /status] to [GET http://127.0.0.1:8200/status] with no body
&amp#27;[38;5;32m[AndroidUiautomator2Driver@50f4 (48f58814)]&amp#27;[0m socket hang up
&amp#27;[38;5;32m[AndroidUiautomator2Driver@50f4 (48f58814)]&amp#27;[0m Matched '/status' to command name 'getStatus'
&amp#27;[38;5;32m[AndroidUiautomator2Driver@50f4 (48f58814)]&amp#27;[0m Proxying [GET /status] to [GET http://127.0.0.1:8200/status] with no body
&amp#27;[38;5;32m[AndroidUiautomator2Driver@50f4 (48f58814)]&amp#27;[0m socket hang up
&amp#27;[38;5;32m[AndroidUiautomator2Driver@50f4 (48f58814)]&amp#27;[0m Matched '/status' to command name 'getStatus'
&amp#27;[38;5;32m[AndroidUiautomator2Driver@50f4 (48f58814)]&amp#27;[0m Proxying [GET /status] to [GET http://127.0.0.1:8200/status] with no body
&amp#27;[38;5;32m[AndroidUiautomator2Driver@50f4 (48f58814)]&amp#27;[0m socket hang up
&amp#27;[38;5;32m[AndroidUiautomator2Driver@50f4 (48f58814)]&amp#27;[0m Matched '/status' to command name 'getStatus'
&amp#27;[38;5;32m[AndroidUiautomator2Driver@50f4 (48f58814)]&amp#27;[0m Proxying [GET /status] to [GET http://127.0.0.1:8200/status] with no body
&amp#27;[38;5;32m[AndroidUiautomator2Driver@50f4 (48f58814)]&amp#27;[0m socket hang up
&amp#27;[38;5;32m[AndroidUiautomator2Driver@50f4 (48f58814)]&amp#27;[0m Matched '/status' to command name 'getStatus'
&amp#27;[38;5;32m[AndroidUiautomator2Driver@50f4 (48f58814)]&amp#27;[0m Proxying [GET /status] to [GET http://127.0.0.1:8200/status] with no body
&amp#27;[38;5;32m[AndroidUiautomator2Driver@50f4 (48f58814)]&amp#27;[0m socket hang up
&amp#27;[38;5;32m[AndroidUiautomator2Driver@50f4 (48f58814)]&amp#27;[0m Matched '/status' to command name 'getStatus'
&amp#27;[38;5;32m[AndroidUiautomator2Driver@50f4 (48f58814)]&amp#27;[0m Proxying [GET /status] to [GET http://127.0.0.1:8200/status] with no body
&amp#27;[38;5;32m[AndroidUiautomator2Driver@50f4 (48f58814)]&amp#27;[0m socket hang up
&amp#27;[38;5;32m[AndroidUiautomator2Driver@50f4 (48f58814)]&amp#27;[0m Matched '/status' to command name 'getStatus'
&amp#27;[38;5;32m[AndroidUiautomator2Driver@50f4 (48f58814)]&amp#27;[0m Proxying [GET /status] to [GET http://127.0.0.1:8200/status] with no body
&amp#27;[38;5;32m[AndroidUiautomator2Driver@50f4 (48f58814)]&amp#27;[0m socket hang up
&amp#27;[38;5;32m[AndroidUiautomator2Driver@50f4 (48f58814)]&amp#27;[0m Matched '/status' to command name 'getStatus'
&amp#27;[38;5;32m[AndroidUiautomator2Driver@50f4 (48f58814)]&amp#27;[0m Proxying [GET /status] to [GET http://127.0.0.1:8200/status] with no body
&amp#27;[38;5;32m[AndroidUiautomator2Driver@50f4 (48f58814)]&amp#27;[0m socket hang up
&amp#27;[38;5;32m[AndroidUiautomator2Driver@50f4 (48f58814)]&amp#27;[0m Matched '/status' to command name 'getStatus'
&amp#27;[38;5;32m[AndroidUiautomator2Driver@50f4 (48f58814)]&amp#27;[0m Proxying [GET /status] to [GET http://127.0.0.1:8200/status] with no body
&amp#27;[38;5;32m[AndroidUiautomator2Driver@50f4 (48f58814)]&amp#27;[0m socket hang up
&amp#27;[38;5;32m[AndroidUiautomator2Driver@50f4 (48f58814)]&amp#27;[0m Matched '/status' to command name 'getStatus'
&amp#27;[38;5;32m[AndroidUiautomator2Driver@50f4 (48f58814)]&amp#27;[0m Proxying [GET /status] to [GET http://127.0.0.1:8200/status] with no body
&amp#27;[38;5;32m[AndroidUiautomator2Driver@50f4 (48f58814)]&amp#27;[0m socket hang up
&amp#27;[38;5;32m[AndroidUiautomator2Driver@50f4 (48f58814)]&amp#27;[0m Matched '/status' to command name 'getStatus'
&amp#27;[38;5;32m[AndroidUiautomator2Driver@50f4 (48f58814)]&amp#27;[0m Proxying [GET /status] to [GET http://127.0.0.1:8200/status] with no body
&amp#27;[38;5;32m[AndroidUiautomator2Driver@50f4 (48f58814)]&amp#27;[0m socket hang up
&amp#27;[38;5;112m[Instrumentation]&amp#27;[0m io.appium.uiautomator2.server.test.AppiumUiAutomator2Server:
&amp#27;[38;5;32m[AndroidUiautomator2Driver@50f4 (48f58814)]&amp#27;[0m Matched '/status' to command name 'getStatus'
&amp#27;[38;5;32m[AndroidUiautomator2Driver@50f4 (48f58814)]&amp#27;[0m Proxying [GET /status] to [GET http://127.0.0.1:8200/status] with no body
&amp#27;[38;5;32m[AndroidUiautomator2Driver@50f4 (48f58814)]&amp#27;[0m socket hang up
&amp#27;[38;5;32m[AndroidUiautomator2Driver@50f4 (48f58814)]&amp#27;[0m Matched '/status' to command name 'getStatus'
&amp#27;[38;5;32m[AndroidUiautomator2Driver@50f4 (48f58814)]&amp#27;[0m Proxying [GET /status] to [GET http://127.0.0.1:8200/status] with no body
&amp#27;[38;5;32m[AndroidUiautomator2Driver@50f4 (48f58814)]&amp#27;[0m socket hang up
&amp#27;[38;5;32m[AndroidUiautomator2Driver@50f4 (48f58814)]&amp#27;[0m Matched '/status' to command name 'getStatus'
&amp#27;[38;5;32m[AndroidUiautomator2Driver@50f4 (48f58814)]&amp#27;[0m Proxying [GET /status] to [GET http://127.0.0.1:8200/status] with no body
&amp#27;[38;5;32m[AndroidUiautomator2Driver@50f4 (48f58814)]&amp#27;[0m socket hang up
&amp#27;[38;5;32m[AndroidUiautomator2Driver@50f4 (48f58814)]&amp#27;[0m Matched '/status' to command name 'getStatus'
&amp#27;[38;5;32m[AndroidUiautomator2Driver@50f4 (48f58814)]&amp#27;[0m Proxying [GET /status] to [GET http://127.0.0.1:8200/status] with no body
&amp#27;[38;5;32m[AndroidUiautomator2Driver@50f4 (48f58814)]&amp#27;[0m Got response with status 200: {"sessionId":"None","value":{"message":"UiAutomator2 Server is ready to accept commands","ready":true}}
&amp#27;[38;5;32m[AndroidUiautomator2Driver@50f4 (48f58814)]&amp#27;[0m The initialization of the instrumentation process took 16500ms
&amp#27;[38;5;32m[AndroidUiautomator2Driver@50f4 (48f58814)]&amp#27;[0m Matched '/session' to command name 'createSession'
&amp#27;[38;5;32m[AndroidUiautomator2Driver@50f4 (48f58814)]&amp#27;[0m Proxying [POST /session] to [POST http://127.0.0.1:8200/session] with body: {"capabilities":{"firstMatch":[{"platformName":"ANDROID","app":"C:\\Users\\gnani\\eclipse-workspace\\AppiumFramework//src//test//java//com//tests//resources//apk_files//General-Store.apk","automationName":"UIAutomator2","deviceName":"emulator-5554","platform":"LINUX","webStorageEnabled":false,"takesScreenshot":true,"javascriptEnabled":true,"databaseEnabled":false,"networkConnectionEnabled":true,"locationContextEnabled":false,"warnings":{},"desired":{"platformName":"ANDROID","app":"C:\\Users\\gnani\\eclipse-workspace\\AppiumFramework//src//test//java//com//tests//resources//apk_files//General-Store.apk","automationName":"UIAutomator2","deviceName":"Android Emulator"},"deviceUDID":"emulator-5554","appPackage":"com.androidsample.generalstore"}],"alwaysMatch":{}}}
&amp#27;[38;5;32m[AndroidUiautomator2Driver@50f4 (48f58814)]&amp#27;[0m Got response with status 200: {"sessionId":"4403cb60-da58-486a-b250-a831a9aeeb03","value":{"capabilities":{"firstMatch":[{"platformName":"ANDROID","app":"C:\\Users\\gnani\\eclipse-workspace\\AppiumFramework//src//test//java//com//tests//resources//apk_files//General-Store.apk","automationName":"UIAutomator2","deviceName":"emulator-5554","platform":"LINUX","webStorageEnabled":false,"takesScreenshot":true,"javascriptEnabled":true,"databaseEnabled":false,"networkConnectionEnabled":true,"locationContextEnabled":false,"warnings":{},"desired":{"platformName":"ANDROID","app":"C:\\Users\\gnani\\eclipse-workspace\\AppiumFramework//src//test//java//com//tests//resources//apk_files//General-Store.apk","automationName":"UIAutomator2","deviceName":"Android Emulator"},"deviceUDID":"emulator-5554","appPackage":"com.androidsample.generalstore"}],"alwaysMatch":{}},"sessionId":"4403cb60-da58-486a-b250-a831a9aeeb03"}}
&amp#27;[38;5;32m[AndroidUiautomator2Driver@50f4 (48f58814)]&amp#27;[0m Determined the downstream protocol as 'W3C'
&amp#27;[38;5;32m[AndroidUiautomator2Driver@50f4 (48f58814)]&amp#27;[0m Proxying [GET /appium/device/pixel_ratio] to [GET http://127.0.0.1:8200/session/4403cb60-da58-486a-b250-a831a9aeeb03/appium/device/pixel_ratio] with no body
&amp#27;[38;5;32m[AndroidUiautomator2Driver@50f4 (48f58814)]&amp#27;[0m Matched '/appium/device/system_bars' to command name 'getSystemBars'
&amp#27;[38;5;32m[AndroidUiautomator2Driver@50f4 (48f58814)]&amp#27;[0m Proxying [GET /appium/device/system_bars] to [GET http://127.0.0.1:8200/session/4403cb60-da58-486a-b250-a831a9aeeb03/appium/device/system_bars] with no body
&amp#27;[38;5;32m[AndroidUiautomator2Driver@50f4 (48f58814)]&amp#27;[0m Matched '/window/current/size' to command name 'getWindowSize'
&amp#27;[38;5;32m[AndroidUiautomator2Driver@50f4 (48f58814)]&amp#27;[0m Proxying [GET /window/current/size] to [GET http://127.0.0.1:8200/session/4403cb60-da58-486a-b250-a831a9aeeb03/window/current/size] with no body
&amp#27;[38;5;32m[AndroidUiautomator2Driver@50f4 (48f58814)]&amp#27;[0m Proxying [GET /appium/device/info] to [GET http://127.0.0.1:8200/session/4403cb60-da58-486a-b250-a831a9aeeb03/appium/device/info] with no body
&amp#27;[38;5;48m[ADB]&amp#27;[0m Running 'C:\Users\gnani\AppData\Local\Android\Sdk\platform-tools\adb.exe -P 5037 -s emulator-5554 shell dumpsys window'
&amp#27;[38;5;32m[AndroidUiautomator2Driver@50f4 (48f58814)]&amp#27;[0m Got response with status 200: {"sessionId":"4403cb60-da58-486a-b250-a831a9aeeb03","value":3.5}
&amp#27;[38;5;32m[AndroidUiautomator2Driver@50f4 (48f58814)]&amp#27;[0m Got response with status 200: {"sessionId":"4403cb60-da58-486a-b250-a831a9aeeb03","value":{"height":2560,"width":1440}}
&amp#27;[38;5;32m[AndroidUiautomator2Driver@50f4 (48f58814)]&amp#27;[0m Got response with status 200: {"sessionId":"4403cb60-da58-486a-b250-a831a9aeeb03","value":{"statusBar":84}}
&amp#27;[38;5;32m[AndroidUiautomator2Driver@50f4 (48f58814)]&amp#27;[0m Got response with status 200: {"sessionId":"4403cb60-da58-486a-b250-a831a9aeeb03","value":{"androidId":"f6cb8317f72422e6","apiVersion":"33","bluetooth":{"state":"ON"},"brand":"google","carrierName":"T-Mobile","displayDensity":560,"locale":"en_US","manufacturer":"Google","model":"sdk_gphone_x86_64","networks":[{"capabilities":{"SSID":null,"linkDownBandwidthKbps":4300,"linkUpstreamBandwidthKbps":1800,"networkCapabilities":"NET_CAPABILITY_MMS,NET_CAPABILITY_SUPL,NET_CAPABILITY_DUN,NET_CAPABILITY_FOTA,NET_CAPABILITY_IMS,NET_CAPABILITY_CBS,NET_CAPABILITY_INTERNET,NET_CAPABILITY_NOT_RESTRICTED,NET_CAPABILITY_TRUSTED,NET_CAPABILITY_NOT_VPN,NET_CAPABILITY_VALIDATED,NET_CAPABILITY_NOT_ROAMING,NET_CAPABILITY_NOT_CONGESTED,NET_CAPABILITY_NOT_SUSPENDED","signalStrength":-2147483648,"transportTypes":"TRANSPORT_CELLULAR"},"detailedState":"CONNECTED","extraInfo":"epc.tmobile.com","isAvailable":true,"isConnected":true,"isFailover":false,"isRoaming":false,"state":"CONNECTED","subtype":10,"subtypeName":"HSPA","type":0,"typeName":"MOBILE"},{"capabilities...
&amp#27;[38;5;32m[AndroidUiautomator2Driver@50f4 (48f58814)]&amp#27;[0m Screen already unlocked, doing nothing
&amp#27;[38;5;32m[AndroidUiautomator2Driver@50f4 (48f58814)]&amp#27;[0m Starting 'com.androidsample.generalstore/com.androidsample.generalstore.SplashActivity and waiting for 'com.androidsample.generalstore/com.androidsample.generalstore.SplashActivity'
&amp#27;[38;5;48m[ADB]&amp#27;[0m Running 'C:\Users\gnani\AppData\Local\Android\Sdk\platform-tools\adb.exe -P 5037 -s emulator-5554 shell am start -W -n com.androidsample.generalstore/com.androidsample.generalstore.SplashActivity -S -a android.intent.action.MAIN -c android.intent.category.LAUNCHER -f 0x10200000'
&amp#27;[38;5;48m[ADB]&amp#27;[0m Waiting up to 20000ms for activity matching pkg: 'com.androidsample.generalstore' and activity: 'com.androidsample.generalstore.SplashActivity' to be focused
&amp#27;[38;5;48m[ADB]&amp#27;[0m Possible activities, to be checked: 'com.androidsample.generalstore.SplashActivity', 'com.androidsample.generalstore.com.androidsample.generalstore.SplashActivity'
&amp#27;[38;5;48m[ADB]&amp#27;[0m Getting focused package and activity
&amp#27;[38;5;48m[ADB]&amp#27;[0m Running 'C:\Users\gnani\AppData\Local\Android\Sdk\platform-tools\adb.exe -P 5037 -s emulator-5554 shell dumpsys window displays'
&amp#27;[38;5;48m[ADB]&amp#27;[0m Found package: 'com.androidsample.generalstore' and fully qualified activity name : 'com.androidsample.generalstore.SplashActivity'
&amp#27;[38;5;16m[AppiumDriver@c6a7]&amp#27;[0m New AndroidUiautomator2Driver session created successfully, session 48f58814-9324-45e5-aebe-ca3eb176c9c0 added to master session list
&amp#27;[38;5;16m[AppiumDriver@c6a7]&amp#27;[0m Event 'newSessionStarted' logged at 1709583407366 (12:16:47 GMT-0800 (Pacific Standard Time))
&amp#27;[38;5;32m[AndroidUiautomator2Driver@50f4 (48f58814)]&amp#27;[0m Cached the protocol value 'W3C' for the new session 48f58814-9324-45e5-aebe-ca3eb176c9c0
&amp#27;[38;5;32m[AndroidUiautomator2Driver@50f4 (48f58814)]&amp#27;[0m Responding to client with driver.createSession() result: {"capabilities":{"platformName":"ANDROID","app":"C:\\Users\\gnani\\eclipse-workspace\\AppiumFramework//src//test//java//com//tests//resources//apk_files//General-Store.apk","automationName":"UIAutomator2","deviceName":"emulator-5554","platform":"LINUX","webStorageEnabled":false,"takesScreenshot":true,"javascriptEnabled":true,"databaseEnabled":false,"networkConnectionEnabled":true,"locationContextEnabled":false,"warnings":{},"desired":{"platformName":"ANDROID","app":"C:\\Users\\gnani\\eclipse-workspace\\AppiumFramework//src//test//java//com//tests//resources//apk_files//General-Store.apk","automationName":"UIAutomator2","deviceName":"Android Emulator"},"deviceUDID":"emulator-5554","appPackage":"com.androidsample.generalstore","pixelRatio":"3.5","statBarHeight":84,"viewportRect":{"left":0,"top":84,"width":1440,"height":2476},"deviceApiLevel":33,"platformVersion":"13","deviceManufacturer":"Google","deviceModel":"sdk_gphone_x86_64","deviceScreenSize":"1440x2560","deviceScreenDensity":560}}
&amp#27;[38;5;0m[HTTP]&amp#27;[0m &amp#27;[37m<-- POST /session &amp#27;[39m&amp#27;[32m200&amp#27;[39m &amp#27;[90m42588 ms - 1061&amp#27;[39m
&amp#27;[38;5;0m[HTTP]&amp#27;[0m &amp#27;[90m&amp#27;[39m
&amp#27;[38;5;0m[HTTP]&amp#27;[0m &amp#27;[37m-->&amp#27;[39m &amp#27;[37mPOST&amp#27;[39m &amp#27;[37m/session/48f58814-9324-45e5-aebe-ca3eb176c9c0/execute/sync&amp#27;[39m
&amp#27;[38;5;0m[HTTP]&amp#27;[0m &amp#27;[90m{"args":[{"intent":"com.androidsample.generalstore/com.androidsample.generalstore.MainActivity"}],"script":"mobile: startActivity"}&amp#27;[39m
&amp#27;[38;5;32m[AndroidUiautomator2Driver@50f4 (48f58814)]&amp#27;[0m Calling AppiumDriver.execute() with args: ["mobile: startActivity",[{"intent":"com.androidsample.generalstore/com.androidsample.generalstore.MainActivity"}],"48f58814-9324-45e5-aebe-ca3eb176c9c0"]
&amp#27;[38;5;32m[AndroidUiautomator2Driver@50f4 (48f58814)]&amp#27;[0m Executing method 'mobile: startActivity'
&amp#27;[38;5;48m[ADB]&amp#27;[0m Running 'C:\Users\gnani\AppData\Local\Android\Sdk\platform-tools\adb.exe -P 5037 -s emulator-5554 shell am start-activity com.androidsample.generalstore/com.androidsample.generalstore.MainActivity'
&amp#27;[38;5;32m[AndroidUiautomator2Driver@50f4 (48f58814)]&amp#27;[0m Responding to client with driver.execute() result: "Starting: Intent { act=android.intent.action.MAIN cat=[android.intent.category.LAUNCHER] cmp=com.androidsample.generalstore/.MainActivity }"
&amp#27;[38;5;0m[HTTP]&amp#27;[0m &amp#27;[37m<-- POST /session/48f58814-9324-45e5-aebe-ca3eb176c9c0/execute/sync &amp#27;[39m&amp#27;[32m200&amp#27;[39m &amp#27;[90m446 ms - 151&amp#27;[39m
&amp#27;[38;5;0m[HTTP]&amp#27;[0m &amp#27;[90m&amp#27;[39m
&amp#27;[38;5;0m[HTTP]&amp#27;[0m &amp#27;[37m-->&amp#27;[39m &amp#27;[37mGET&amp#27;[39m &amp#27;[37m/session/48f58814-9324-45e5-aebe-ca3eb176c9c0/context&amp#27;[39m
&amp#27;[38;5;0m[HTTP]&amp#27;[0m &amp#27;[90m{}&amp#27;[39m
&amp#27;[38;5;32m[AndroidUiautomator2Driver@50f4 (48f58814)]&amp#27;[0m Calling AppiumDriver.getCurrentContext() with args: ["48f58814-9324-45e5-aebe-ca3eb176c9c0"]
&amp#27;[38;5;32m[AndroidUiautomator2Driver@50f4 (48f58814)]&amp#27;[0m Responding to client with driver.getCurrentContext() result: "NATIVE_APP"
&amp#27;[38;5;0m[HTTP]&amp#27;[0m &amp#27;[37m<-- GET /session/48f58814-9324-45e5-aebe-ca3eb176c9c0/context &amp#27;[39m&amp#27;[32m200&amp#27;[39m &amp#27;[90m9 ms - 22&amp#27;[39m
&amp#27;[38;5;0m[HTTP]&amp#27;[0m &amp#27;[90m&amp#27;[39m
&amp#27;[38;5;0m[HTTP]&amp#27;[0m &amp#27;[37m-->&amp#27;[39m &amp#27;[37mPOST&amp#27;[39m &amp#27;[37m/session/48f58814-9324-45e5-aebe-ca3eb176c9c0/element&amp#27;[39m
&amp#27;[38;5;0m[HTTP]&amp#27;[0m &amp#27;[90m{"value":"com.androidsample.generalstore:id/nameField","using":"id"}&amp#27;[39m
&amp#27;[38;5;32m[AndroidUiautomator2Driver@50f4 (48f58814)]&amp#27;[0m Calling AppiumDriver.findElement() with args: ["id","com.androidsample.generalstore:id/nameField","48f58814-9324-45e5-aebe-ca3eb176c9c0"]
&amp#27;[38;5;32m[AndroidUiautomator2Driver@50f4 (48f58814)]&amp#27;[0m Valid locator strategies for this request: xpath, id, class name, accessibility id, css selector, -android uiautomator
&amp#27;[38;5;32m[AndroidUiautomator2Driver@50f4 (48f58814)]&amp#27;[0m Waiting up to 0 ms for condition
&amp#27;[38;5;32m[AndroidUiautomator2Driver@50f4 (48f58814)]&amp#27;[0m Matched '/element' to command name 'findElement'
&amp#27;[38;5;32m[AndroidUiautomator2Driver@50f4 (48f58814)]&amp#27;[0m Proxying [POST /element] to [POST http://127.0.0.1:8200/session/4403cb60-da58-486a-b250-a831a9aeeb03/element] with body: {"strategy":"id","selector":"com.androidsample.generalstore:id/nameField","context":"","multiple":false}
&amp#27;[38;5;32m[AndroidUiautomator2Driver@50f4 (48f58814)]&amp#27;[0m Got response with status 200: {"sessionId":"4403cb60-da58-486a-b250-a831a9aeeb03","value":{"ELEMENT":"00000000-0000-000d-ffff-ffff00000039","element-6066-11e4-a52e-4f735466cecf":"00000000-0000-000d-ffff-ffff00000039"}}
&amp#27;[38;5;32m[AndroidUiautomator2Driver@50f4 (48f58814)]&amp#27;[0m Responding to client with driver.findElement() result: {"element-6066-11e4-a52e-4f735466cecf":"00000000-0000-000d-ffff-ffff00000039","ELEMENT":"00000000-0000-000d-ffff-ffff00000039"}
&amp#27;[38;5;0m[HTTP]&amp#27;[0m &amp#27;[37m<-- POST /session/48f58814-9324-45e5-aebe-ca3eb176c9c0/element &amp#27;[39m&amp#27;[32m200&amp#27;[39m &amp#27;[90m233 ms - 137&amp#27;[39m
&amp#27;[38;5;0m[HTTP]&amp#27;[0m &amp#27;[90m&amp#27;[39m
&amp#27;[38;5;0m[HTTP]&amp#27;[0m &amp#27;[37m-->&amp#27;[39m &amp#27;[37mPOST&amp#27;[39m &amp#27;[37m/session/48f58814-9324-45e5-aebe-ca3eb176c9c0/element/00000000-0000-000d-ffff-ffff00000039/value&amp#27;[39m
&amp#27;[38;5;0m[HTTP]&amp#27;[0m &amp#27;[90m{"id":"00000000-0000-000d-ffff-ffff00000039","text":"Preethi","value":["P","r","e","e","t","h","i"]}&amp#27;[39m
&amp#27;[38;5;32m[AndroidUiautomator2Driver@50f4 (48f58814)]&amp#27;[0m Calling AppiumDriver.setValue() with args: [["P","r","e","e","t","h","i"],"00000000-0000-000d-ffff-ffff00000039","48f58814-9324-45e5-aebe-ca3eb176c9c0"]
&amp#27;[38;5;32m[AndroidUiautomator2Driver@50f4 (48f58814)]&amp#27;[0m Matched '/element/00000000-0000-000d-ffff-ffff00000039/value' to command name 'setValue'
&amp#27;[38;5;32m[AndroidUiautomator2Driver@50f4 (48f58814)]&amp#27;[0m Added 'value' property ["P","r","e","e","t","h","i"] to 'setValue' request body
&amp#27;[38;5;32m[AndroidUiautomator2Driver@50f4 (48f58814)]&amp#27;[0m Proxying [POST /element/00000000-0000-000d-ffff-ffff00000039/value] to [POST http://127.0.0.1:8200/session/4403cb60-da58-486a-b250-a831a9aeeb03/element/00000000-0000-000d-ffff-ffff00000039/value] with body: {"elementId":"00000000-0000-000d-ffff-ffff00000039","text":"Preethi","replace":false,"value":["P","r","e","e","t","h","i"]}
&amp#27;[38;5;32m[AndroidUiautomator2Driver@50f4 (48f58814)]&amp#27;[0m Got response with status 200: {"sessionId":"4403cb60-da58-486a-b250-a831a9aeeb03","value":null}
&amp#27;[38;5;32m[AndroidUiautomator2Driver@50f4 (48f58814)]&amp#27;[0m Responding to client with driver.setValue() result: null
&amp#27;[38;5;0m[HTTP]&amp#27;[0m &amp#27;[37m<-- POST /session/48f58814-9324-45e5-aebe-ca3eb176c9c0/element/00000000-0000-000d-ffff-ffff00000039/value &amp#27;[39m&amp#27;[32m200&amp#27;[39m &amp#27;[90m830 ms - 14&amp#27;[39m
&amp#27;[38;5;0m[HTTP]&amp#27;[0m &amp#27;[90m&amp#27;[39m
&amp#27;[38;5;0m[HTTP]&amp#27;[0m &amp#27;[37m-->&amp#27;[39m &amp#27;[37mGET&amp#27;[39m &amp#27;[37m/session/48f58814-9324-45e5-aebe-ca3eb176c9c0/context&amp#27;[39m
&amp#27;[38;5;0m[HTTP]&amp#27;[0m &amp#27;[90m{}&amp#27;[39m
&amp#27;[38;5;32m[AndroidUiautomator2Driver@50f4 (48f58814)]&amp#27;[0m Calling AppiumDriver.getCurrentContext() with args: ["48f58814-9324-45e5-aebe-ca3eb176c9c0"]
&amp#27;[38;5;32m[AndroidUiautomator2Driver@50f4 (48f58814)]&amp#27;[0m Responding to client with driver.getCurrentContext() result: "NATIVE_APP"
&amp#27;[38;5;0m[HTTP]&amp#27;[0m &amp#27;[37m<-- GET /session/48f58814-9324-45e5-aebe-ca3eb176c9c0/context &amp#27;[39m&amp#27;[32m200&amp#27;[39m &amp#27;[90m3 ms - 22&amp#27;[39m
&amp#27;[38;5;0m[HTTP]&amp#27;[0m &amp#27;[90m&amp#27;[39m
&amp#27;[38;5;0m[HTTP]&amp#27;[0m &amp#27;[37m-->&amp#27;[39m &amp#27;[37mPOST&amp#27;[39m &amp#27;[37m/session/48f58814-9324-45e5-aebe-ca3eb176c9c0/element&amp#27;[39m
&amp#27;[38;5;0m[HTTP]&amp#27;[0m &amp#27;[90m{"value":"com.androidsample.generalstore:id/radioFemale","using":"id"}&amp#27;[39m
&amp#27;[38;5;32m[AndroidUiautomator2Driver@50f4 (48f58814)]&amp#27;[0m Calling AppiumDriver.findElement() with args: ["id","com.androidsample.generalstore:id/radioFemale","48f58814-9324-45e5-aebe-ca3eb176c9c0"]
&amp#27;[38;5;32m[AndroidUiautomator2Driver@50f4 (48f58814)]&amp#27;[0m Valid locator strategies for this request: xpath, id, class name, accessibility id, css selector, -android uiautomator
&amp#27;[38;5;32m[AndroidUiautomator2Driver@50f4 (48f58814)]&amp#27;[0m Waiting up to 0 ms for condition
&amp#27;[38;5;32m[AndroidUiautomator2Driver@50f4 (48f58814)]&amp#27;[0m Matched '/element' to command name 'findElement'
&amp#27;[38;5;32m[AndroidUiautomator2Driver@50f4 (48f58814)]&amp#27;[0m Proxying [POST /element] to [POST http://127.0.0.1:8200/session/4403cb60-da58-486a-b250-a831a9aeeb03/element] with body: {"strategy":"id","selector":"com.androidsample.generalstore:id/radioFemale","context":"","multiple":false}
&amp#27;[38;5;32m[AndroidUiautomator2Driver@50f4 (48f58814)]&amp#27;[0m Got response with status 200: {"sessionId":"4403cb60-da58-486a-b250-a831a9aeeb03","value":{"ELEMENT":"00000000-0000-000d-ffff-ffff0000003d","element-6066-11e4-a52e-4f735466cecf":"00000000-0000-000d-ffff-ffff0000003d"}}
&amp#27;[38;5;32m[AndroidUiautomator2Driver@50f4 (48f58814)]&amp#27;[0m Responding to client with driver.findElement() result: {"element-6066-11e4-a52e-4f735466cecf":"00000000-0000-000d-ffff-ffff0000003d","ELEMENT":"00000000-0000-000d-ffff-ffff0000003d"}
&amp#27;[38;5;0m[HTTP]&amp#27;[0m &amp#27;[37m<-- POST /session/48f58814-9324-45e5-aebe-ca3eb176c9c0/element &amp#27;[39m&amp#27;[32m200&amp#27;[39m &amp#27;[90m511 ms - 137&amp#27;[39m
&amp#27;[38;5;0m[HTTP]&amp#27;[0m &amp#27;[90m&amp#27;[39m
&amp#27;[38;5;0m[HTTP]&amp#27;[0m &amp#27;[37m-->&amp#27;[39m &amp#27;[37mPOST&amp#27;[39m &amp#27;[37m/session/48f58814-9324-45e5-aebe-ca3eb176c9c0/element/00000000-0000-000d-ffff-ffff0000003d/click&amp#27;[39m
&amp#27;[38;5;0m[HTTP]&amp#27;[0m &amp#27;[90m{"id":"00000000-0000-000d-ffff-ffff0000003d"}&amp#27;[39m
&amp#27;[38;5;32m[AndroidUiautomator2Driver@50f4 (48f58814)]&amp#27;[0m Calling AppiumDriver.click() with args: ["00000000-0000-000d-ffff-ffff0000003d","48f58814-9324-45e5-aebe-ca3eb176c9c0"]
&amp#27;[38;5;32m[AndroidUiautomator2Driver@50f4 (48f58814)]&amp#27;[0m Matched '/element/00000000-0000-000d-ffff-ffff0000003d/click' to command name 'click'
&amp#27;[38;5;32m[AndroidUiautomator2Driver@50f4 (48f58814)]&amp#27;[0m Proxying [POST /element/00000000-0000-000d-ffff-ffff0000003d/click] to [POST http://127.0.0.1:8200/session/4403cb60-da58-486a-b250-a831a9aeeb03/element/00000000-0000-000d-ffff-ffff0000003d/click] with body: {"element":"00000000-0000-000d-ffff-ffff0000003d"}
&amp#27;[38;5;32m[AndroidUiautomator2Driver@50f4 (48f58814)]&amp#27;[0m Got response with status 200: {"sessionId":"4403cb60-da58-486a-b250-a831a9aeeb03","value":null}
&amp#27;[38;5;32m[AndroidUiautomator2Driver@50f4 (48f58814)]&amp#27;[0m Responding to client with driver.click() result: null
&amp#27;[38;5;0m[HTTP]&amp#27;[0m &amp#27;[37m<-- POST /session/48f58814-9324-45e5-aebe-ca3eb176c9c0/element/00000000-0000-000d-ffff-ffff0000003d/click &amp#27;[39m&amp#27;[32m200&amp#27;[39m &amp#27;[90m131 ms - 14&amp#27;[39m
&amp#27;[38;5;0m[HTTP]&amp#27;[0m &amp#27;[90m&amp#27;[39m
&amp#27;[38;5;0m[HTTP]&amp#27;[0m &amp#27;[37m-->&amp#27;[39m &amp#27;[37mGET&amp#27;[39m &amp#27;[37m/session/48f58814-9324-45e5-aebe-ca3eb176c9c0/context&amp#27;[39m
&amp#27;[38;5;0m[HTTP]&amp#27;[0m &amp#27;[90m{}&amp#27;[39m
&amp#27;[38;5;32m[AndroidUiautomator2Driver@50f4 (48f58814)]&amp#27;[0m Calling AppiumDriver.getCurrentContext() with args: ["48f58814-9324-45e5-aebe-ca3eb176c9c0"]
&amp#27;[38;5;32m[AndroidUiautomator2Driver@50f4 (48f58814)]&amp#27;[0m Responding to client with driver.getCurrentContext() result: "NATIVE_APP"
&amp#27;[38;5;0m[HTTP]&amp#27;[0m &amp#27;[37m<-- GET /session/48f58814-9324-45e5-aebe-ca3eb176c9c0/context &amp#27;[39m&amp#27;[32m200&amp#27;[39m &amp#27;[90m3 ms - 22&amp#27;[39m
&amp#27;[38;5;0m[HTTP]&amp#27;[0m &amp#27;[90m&amp#27;[39m
&amp#27;[38;5;0m[HTTP]&amp#27;[0m &amp#27;[37m-->&amp#27;[39m &amp#27;[37mPOST&amp#27;[39m &amp#27;[37m/session/48f58814-9324-45e5-aebe-ca3eb176c9c0/element&amp#27;[39m
&amp#27;[38;5;0m[HTTP]&amp#27;[0m &amp#27;[90m{"value":"android:id/text1","using":"id"}&amp#27;[39m
&amp#27;[38;5;32m[AndroidUiautomator2Driver@50f4 (48f58814)]&amp#27;[0m Calling AppiumDriver.findElement() with args: ["id","android:id/text1","48f58814-9324-45e5-aebe-ca3eb176c9c0"]
&amp#27;[38;5;32m[AndroidUiautomator2Driver@50f4 (48f58814)]&amp#27;[0m Valid locator strategies for this request: xpath, id, class name, accessibility id, css selector, -android uiautomator
&amp#27;[38;5;32m[AndroidUiautomator2Driver@50f4 (48f58814)]&amp#27;[0m Waiting up to 0 ms for condition
&amp#27;[38;5;32m[AndroidUiautomator2Driver@50f4 (48f58814)]&amp#27;[0m Matched '/element' to command name 'findElement'
&amp#27;[38;5;32m[AndroidUiautomator2Driver@50f4 (48f58814)]&amp#27;[0m Proxying [POST /element] to [POST http://127.0.0.1:8200/session/4403cb60-da58-486a-b250-a831a9aeeb03/element] with body: {"strategy":"id","selector":"android:id/text1","context":"","multiple":false}
&amp#27;[38;5;32m[AndroidUiautomator2Driver@50f4 (48f58814)]&amp#27;[0m Got response with status 200: {"sessionId":"4403cb60-da58-486a-b250-a831a9aeeb03","value":{"ELEMENT":"00000000-0000-000d-ffff-ffff00000041","element-6066-11e4-a52e-4f735466cecf":"00000000-0000-000d-ffff-ffff00000041"}}
&amp#27;[38;5;32m[AndroidUiautomator2Driver@50f4 (48f58814)]&amp#27;[0m Responding to client with driver.findElement() result: {"element-6066-11e4-a52e-4f735466cecf":"00000000-0000-000d-ffff-ffff00000041","ELEMENT":"00000000-0000-000d-ffff-ffff00000041"}
&amp#27;[38;5;0m[HTTP]&amp#27;[0m &amp#27;[37m<-- POST /session/48f58814-9324-45e5-aebe-ca3eb176c9c0/element &amp#27;[39m&amp#27;[32m200&amp#27;[39m &amp#27;[90m331 ms - 137&amp#27;[39m
&amp#27;[38;5;0m[HTTP]&amp#27;[0m &amp#27;[90m&amp#27;[39m
&amp#27;[38;5;0m[HTTP]&amp#27;[0m &amp#27;[37m-->&amp#27;[39m &amp#27;[37mPOST&amp#27;[39m &amp#27;[37m/session/48f58814-9324-45e5-aebe-ca3eb176c9c0/element/00000000-0000-000d-ffff-ffff00000041/click&amp#27;[39m
&amp#27;[38;5;0m[HTTP]&amp#27;[0m &amp#27;[90m{"id":"00000000-0000-000d-ffff-ffff00000041"}&amp#27;[39m
&amp#27;[38;5;32m[AndroidUiautomator2Driver@50f4 (48f58814)]&amp#27;[0m Calling AppiumDriver.click() with args: ["00000000-0000-000d-ffff-ffff00000041","48f58814-9324-45e5-aebe-ca3eb176c9c0"]
&amp#27;[38;5;32m[AndroidUiautomator2Driver@50f4 (48f58814)]&amp#27;[0m Matched '/element/00000000-0000-000d-ffff-ffff00000041/click' to command name 'click'
&amp#27;[38;5;32m[AndroidUiautomator2Driver@50f4 (48f58814)]&amp#27;[0m Proxying [POST /element/00000000-0000-000d-ffff-ffff00000041/click] to [POST http://127.0.0.1:8200/session/4403cb60-da58-486a-b250-a831a9aeeb03/element/00000000-0000-000d-ffff-ffff00000041/click] with body: {"element":"00000000-0000-000d-ffff-ffff00000041"}
&amp#27;[38;5;32m[AndroidUiautomator2Driver@50f4 (48f58814)]&amp#27;[0m Got response with status 200: {"sessionId":"4403cb60-da58-486a-b250-a831a9aeeb03","value":null}
&amp#27;[38;5;32m[AndroidUiautomator2Driver@50f4 (48f58814)]&amp#27;[0m Responding to client with driver.click() result: null
&amp#27;[38;5;0m[HTTP]&amp#27;[0m &amp#27;[37m<-- POST /session/48f58814-9324-45e5-aebe-ca3eb176c9c0/element/00000000-0000-000d-ffff-ffff00000041/click &amp#27;[39m&amp#27;[32m200&amp#27;[39m &amp#27;[90m469 ms - 14&amp#27;[39m
&amp#27;[38;5;0m[HTTP]&amp#27;[0m &amp#27;[90m&amp#27;[39m
&amp#27;[38;5;0m[HTTP]&amp#27;[0m &amp#27;[37m-->&amp#27;[39m &amp#27;[37mPOST&amp#27;[39m &amp#27;[37m/session/48f58814-9324-45e5-aebe-ca3eb176c9c0/element&amp#27;[39m
&amp#27;[38;5;0m[HTTP]&amp#27;[0m &amp#27;[90m{"value":"new UiScrollable(new UiSelector()).scrollIntoView(text(\"Argentina\"));","using":"-android uiautomator"}&amp#27;[39m
&amp#27;[38;5;32m[AndroidUiautomator2Driver@50f4 (48f58814)]&amp#27;[0m Calling AppiumDriver.findElement() with args: ["-android uiautomator","new UiScrollable(new UiSelector()).scrollIntoView(text(\"Argentina\"));","48f58814-9324-45e5-aebe-ca3eb176c9c0"]
&amp#27;[38;5;32m[AndroidUiautomator2Driver@50f4 (48f58814)]&amp#27;[0m Valid locator strategies for this request: xpath, id, class name, accessibility id, css selector, -android uiautomator
&amp#27;[38;5;32m[AndroidUiautomator2Driver@50f4 (48f58814)]&amp#27;[0m Waiting up to 0 ms for condition
&amp#27;[38;5;32m[AndroidUiautomator2Driver@50f4 (48f58814)]&amp#27;[0m Matched '/element' to command name 'findElement'
&amp#27;[38;5;32m[AndroidUiautomator2Driver@50f4 (48f58814)]&amp#27;[0m Proxying [POST /element] to [POST http://127.0.0.1:8200/session/4403cb60-da58-486a-b250-a831a9aeeb03/element] with body: {"strategy":"-android uiautomator","selector":"new UiScrollable(new UiSelector()).scrollIntoView(text(\"Argentina\"));","context":"","multiple":false}
&amp#27;[38;5;32m[AndroidUiautomator2Driver@50f4 (48f58814)]&amp#27;[0m Got response with status 200: {"sessionId":"4403cb60-da58-486a-b250-a831a9aeeb03","value":{"ELEMENT":"00000000-0000-000e-ffff-ffff00000046","element-6066-11e4-a52e-4f735466cecf":"00000000-0000-000e-ffff-ffff00000046"}}
&amp#27;[38;5;32m[AndroidUiautomator2Driver@50f4 (48f58814)]&amp#27;[0m Responding to client with driver.findElement() result: {"element-6066-11e4-a52e-4f735466cecf":"00000000-0000-000e-ffff-ffff00000046","ELEMENT":"00000000-0000-000e-ffff-ffff00000046"}
&amp#27;[38;5;0m[HTTP]&amp#27;[0m &amp#27;[37m<-- POST /session/48f58814-9324-45e5-aebe-ca3eb176c9c0/element &amp#27;[39m&amp#27;[32m200&amp#27;[39m &amp#27;[90m7710 ms - 137&amp#27;[39m
&amp#27;[38;5;0m[HTTP]&amp#27;[0m &amp#27;[90m&amp#27;[39m
&amp#27;[38;5;0m[HTTP]&amp#27;[0m &amp#27;[37m-->&amp#27;[39m &amp#27;[37mPOST&amp#27;[39m &amp#27;[37m/session/48f58814-9324-45e5-aebe-ca3eb176c9c0/element&amp#27;[39m
&amp#27;[38;5;0m[HTTP]&amp#27;[0m &amp#27;[90m{"value":"//android.widget.TextView[@text=\"Argentina\"]","using":"xpath"}&amp#27;[39m
&amp#27;[38;5;32m[AndroidUiautomator2Driver@50f4 (48f58814)]&amp#27;[0m Calling AppiumDriver.findElement() with args: ["xpath","//android.widget.TextView[@text=\"Argentina\"]","48f58814-9324-45e5-aebe-ca3eb176c9c0"]
&amp#27;[38;5;32m[AndroidUiautomator2Driver@50f4 (48f58814)]&amp#27;[0m Valid locator strategies for this request: xpath, id, class name, accessibility id, css selector, -android uiautomator
&amp#27;[38;5;32m[AndroidUiautomator2Driver@50f4 (48f58814)]&amp#27;[0m Waiting up to 0 ms for condition
&amp#27;[38;5;32m[AndroidUiautomator2Driver@50f4 (48f58814)]&amp#27;[0m Matched '/element' to command name 'findElement'
&amp#27;[38;5;32m[AndroidUiautomator2Driver@50f4 (48f58814)]&amp#27;[0m Proxying [POST /element] to [POST http://127.0.0.1:8200/session/4403cb60-da58-486a-b250-a831a9aeeb03/element] with body: {"strategy":"xpath","selector":"//android.widget.TextView[@text=\"Argentina\"]","context":"","multiple":false}
&amp#27;[38;5;32m[AndroidUiautomator2Driver@50f4 (48f58814)]&amp#27;[0m Got response with status 200: {"sessionId":"4403cb60-da58-486a-b250-a831a9aeeb03","value":{"ELEMENT":"00000000-0000-000e-ffff-ffff00000046","element-6066-11e4-a52e-4f735466cecf":"00000000-0000-000e-ffff-ffff00000046"}}
&amp#27;[38;5;32m[AndroidUiautomator2Driver@50f4 (48f58814)]&amp#27;[0m Responding to client with driver.findElement() result: {"element-6066-11e4-a52e-4f735466cecf":"00000000-0000-000e-ffff-ffff00000046","ELEMENT":"00000000-0000-000e-ffff-ffff00000046"}
&amp#27;[38;5;0m[HTTP]&amp#27;[0m &amp#27;[37m<-- POST /session/48f58814-9324-45e5-aebe-ca3eb176c9c0/element &amp#27;[39m&amp#27;[32m200&amp#27;[39m &amp#27;[90m1614 ms - 137&amp#27;[39m
&amp#27;[38;5;0m[HTTP]&amp#27;[0m &amp#27;[90m&amp#27;[39m
&amp#27;[38;5;0m[HTTP]&amp#27;[0m &amp#27;[37m-->&amp#27;[39m &amp#27;[37mPOST&amp#27;[39m &amp#27;[37m/session/48f58814-9324-45e5-aebe-ca3eb176c9c0/element/00000000-0000-000e-ffff-ffff00000046/click&amp#27;[39m
&amp#27;[38;5;0m[HTTP]&amp#27;[0m &amp#27;[90m{"id":"00000000-0000-000e-ffff-ffff00000046"}&amp#27;[39m
&amp#27;[38;5;32m[AndroidUiautomator2Driver@50f4 (48f58814)]&amp#27;[0m Calling AppiumDriver.click() with args: ["00000000-0000-000e-ffff-ffff00000046","48f58814-9324-45e5-aebe-ca3eb176c9c0"]
&amp#27;[38;5;32m[AndroidUiautomator2Driver@50f4 (48f58814)]&amp#27;[0m Matched '/element/00000000-0000-000e-ffff-ffff00000046/click' to command name 'click'
&amp#27;[38;5;32m[AndroidUiautomator2Driver@50f4 (48f58814)]&amp#27;[0m Proxying [POST /element/00000000-0000-000e-ffff-ffff00000046/click] to [POST http://127.0.0.1:8200/session/4403cb60-da58-486a-b250-a831a9aeeb03/element/00000000-0000-000e-ffff-ffff00000046/click] with body: {"element":"00000000-0000-000e-ffff-ffff00000046"}
&amp#27;[38;5;32m[AndroidUiautomator2Driver@50f4 (48f58814)]&amp#27;[0m Got response with status 200: {"sessionId":"4403cb60-da58-486a-b250-a831a9aeeb03","value":null}
&amp#27;[38;5;32m[AndroidUiautomator2Driver@50f4 (48f58814)]&amp#27;[0m Responding to client with driver.click() result: null
&amp#27;[38;5;0m[HTTP]&amp#27;[0m &amp#27;[37m<-- POST /session/48f58814-9324-45e5-aebe-ca3eb176c9c0/element/00000000-0000-000e-ffff-ffff00000046/click &amp#27;[39m&amp#27;[32m200&amp#27;[39m &amp#27;[90m1113 ms - 14&amp#27;[39m
&amp#27;[38;5;0m[HTTP]&amp#27;[0m &amp#27;[90m&amp#27;[39m
&amp#27;[38;5;0m[HTTP]&amp#27;[0m &amp#27;[37m-->&amp#27;[39m &amp#27;[37mGET&amp#27;[39m &amp#27;[37m/session/48f58814-9324-45e5-aebe-ca3eb176c9c0/context&amp#27;[39m
&amp#27;[38;5;0m[HTTP]&amp#27;[0m &amp#27;[90m{}&amp#27;[39m
&amp#27;[38;5;32m[AndroidUiautomator2Driver@50f4 (48f58814)]&amp#27;[0m Calling AppiumDriver.getCurrentContext() with args: ["48f58814-9324-45e5-aebe-ca3eb176c9c0"]
&amp#27;[38;5;32m[AndroidUiautomator2Driver@50f4 (48f58814)]&amp#27;[0m Responding to client with driver.getCurrentContext() result: "NATIVE_APP"
&amp#27;[38;5;0m[HTTP]&amp#27;[0m &amp#27;[37m<-- GET /session/48f58814-9324-45e5-aebe-ca3eb176c9c0/context &amp#27;[39m&amp#27;[32m200&amp#27;[39m &amp#27;[90m3 ms - 22&amp#27;[39m
&amp#27;[38;5;0m[HTTP]&amp#27;[0m &amp#27;[90m&amp#27;[39m
&amp#27;[38;5;0m[HTTP]&amp#27;[0m &amp#27;[37m-->&amp#27;[39m &amp#27;[37mPOST&amp#27;[39m &amp#27;[37m/session/48f58814-9324-45e5-aebe-ca3eb176c9c0/element&amp#27;[39m
&amp#27;[38;5;0m[HTTP]&amp#27;[0m &amp#27;[90m{"value":"com.androidsample.generalstore:id/btnLetsShop","using":"id"}&amp#27;[39m
&amp#27;[38;5;32m[AndroidUiautomator2Driver@50f4 (48f58814)]&amp#27;[0m Calling AppiumDriver.findElement() with args: ["id","com.androidsample.generalstore:id/btnLetsShop","48f58814-9324-45e5-aebe-ca3eb176c9c0"]
&amp#27;[38;5;32m[AndroidUiautomator2Driver@50f4 (48f58814)]&amp#27;[0m Valid locator strategies for this request: xpath, id, class name, accessibility id, css selector, -android uiautomator
&amp#27;[38;5;32m[AndroidUiautomator2Driver@50f4 (48f58814)]&amp#27;[0m Waiting up to 0 ms for condition
&amp#27;[38;5;32m[AndroidUiautomator2Driver@50f4 (48f58814)]&amp#27;[0m Matched '/element' to command name 'findElement'
&amp#27;[38;5;32m[AndroidUiautomator2Driver@50f4 (48f58814)]&amp#27;[0m Proxying [POST /element] to [POST http://127.0.0.1:8200/session/4403cb60-da58-486a-b250-a831a9aeeb03/element] with body: {"strategy":"id","selector":"com.androidsample.generalstore:id/btnLetsShop","context":"","multiple":false}
&amp#27;[38;5;32m[AndroidUiautomator2Driver@50f4 (48f58814)]&amp#27;[0m Got response with status 200: {"sessionId":"4403cb60-da58-486a-b250-a831a9aeeb03","value":{"ELEMENT":"00000000-0000-000d-ffff-ffff0000003e","element-6066-11e4-a52e-4f735466cecf":"00000000-0000-000d-ffff-ffff0000003e"}}
&amp#27;[38;5;32m[AndroidUiautomator2Driver@50f4 (48f58814)]&amp#27;[0m Responding to client with driver.findElement() result: {"element-6066-11e4-a52e-4f735466cecf":"00000000-0000-000d-ffff-ffff0000003e","ELEMENT":"00000000-0000-000d-ffff-ffff0000003e"}
&amp#27;[38;5;0m[HTTP]&amp#27;[0m &amp#27;[37m<-- POST /session/48f58814-9324-45e5-aebe-ca3eb176c9c0/element &amp#27;[39m&amp#27;[32m200&amp#27;[39m &amp#27;[90m147 ms - 137&amp#27;[39m
&amp#27;[38;5;0m[HTTP]&amp#27;[0m &amp#27;[90m&amp#27;[39m
&amp#27;[38;5;0m[HTTP]&amp#27;[0m &amp#27;[37m-->&amp#27;[39m &amp#27;[37mPOST&amp#27;[39m &amp#27;[37m/session/48f58814-9324-45e5-aebe-ca3eb176c9c0/element/00000000-0000-000d-ffff-ffff0000003e/click&amp#27;[39m
&amp#27;[38;5;0m[HTTP]&amp#27;[0m &amp#27;[90m{"id":"00000000-0000-000d-ffff-ffff0000003e"}&amp#27;[39m
&amp#27;[38;5;32m[AndroidUiautomator2Driver@50f4 (48f58814)]&amp#27;[0m Calling AppiumDriver.click() with args: ["00000000-0000-000d-ffff-ffff0000003e","48f58814-9324-45e5-aebe-ca3eb176c9c0"]
&amp#27;[38;5;32m[AndroidUiautomator2Driver@50f4 (48f58814)]&amp#27;[0m Matched '/element/00000000-0000-000d-ffff-ffff0000003e/click' to command name 'click'
&amp#27;[38;5;32m[AndroidUiautomator2Driver@50f4 (48f58814)]&amp#27;[0m Proxying [POST /element/00000000-0000-000d-ffff-ffff0000003e/click] to [POST http://127.0.0.1:8200/session/4403cb60-da58-486a-b250-a831a9aeeb03/element/00000000-0000-000d-ffff-ffff0000003e/click] with body: {"element":"00000000-0000-000d-ffff-ffff0000003e"}
&amp#27;[38;5;32m[AndroidUiautomator2Driver@50f4 (48f58814)]&amp#27;[0m Got response with status 200: {"sessionId":"4403cb60-da58-486a-b250-a831a9aeeb03","value":null}
&amp#27;[38;5;32m[AndroidUiautomator2Driver@50f4 (48f58814)]&amp#27;[0m Responding to client with driver.click() result: null
&amp#27;[38;5;0m[HTTP]&amp#27;[0m &amp#27;[37m<-- POST /session/48f58814-9324-45e5-aebe-ca3eb176c9c0/element/00000000-0000-000d-ffff-ffff0000003e/click &amp#27;[39m&amp#27;[32m200&amp#27;[39m &amp#27;[90m161 ms - 14&amp#27;[39m
&amp#27;[38;5;0m[HTTP]&amp#27;[0m &amp#27;[90m&amp#27;[39m
&amp#27;[38;5;0m[HTTP]&amp#27;[0m &amp#27;[37m-->&amp#27;[39m &amp#27;[37mGET&amp#27;[39m &amp#27;[37m/session/48f58814-9324-45e5-aebe-ca3eb176c9c0/context&amp#27;[39m
&amp#27;[38;5;0m[HTTP]&amp#27;[0m &amp#27;[90m{}&amp#27;[39m
&amp#27;[38;5;32m[AndroidUiautomator2Driver@50f4 (48f58814)]&amp#27;[0m Calling AppiumDriver.getCurrentContext() with args: ["48f58814-9324-45e5-aebe-ca3eb176c9c0"]
&amp#27;[38;5;32m[AndroidUiautomator2Driver@50f4 (48f58814)]&amp#27;[0m Responding to client with driver.getCurrentContext() result: "NATIVE_APP"
&amp#27;[38;5;0m[HTTP]&amp#27;[0m &amp#27;[37m<-- GET /session/48f58814-9324-45e5-aebe-ca3eb176c9c0/context &amp#27;[39m&amp#27;[32m200&amp#27;[39m &amp#27;[90m2 ms - 22&amp#27;[39m
&amp#27;[38;5;0m[HTTP]&amp#27;[0m &amp#27;[90m&amp#27;[39m
&amp#27;[38;5;0m[HTTP]&amp#27;[0m &amp#27;[37m-->&amp#27;[39m &amp#27;[37mPOST&amp#27;[39m &amp#27;[37m/session/48f58814-9324-45e5-aebe-ca3eb176c9c0/element&amp#27;[39m
&amp#27;[38;5;0m[HTTP]&amp#27;[0m &amp#27;[90m{"value":"com.androidsample.generalstore:id/toolbar_title","using":"id"}&amp#27;[39m
&amp#27;[38;5;32m[AndroidUiautomator2Driver@50f4 (48f58814)]&amp#27;[0m Calling AppiumDriver.findElement() with args: ["id","com.androidsample.generalstore:id/toolbar_title","48f58814-9324-45e5-aebe-ca3eb176c9c0"]
&amp#27;[38;5;32m[AndroidUiautomator2Driver@50f4 (48f58814)]&amp#27;[0m Valid locator strategies for this request: xpath, id, class name, accessibility id, css selector, -android uiautomator
&amp#27;[38;5;32m[AndroidUiautomator2Driver@50f4 (48f58814)]&amp#27;[0m Waiting up to 0 ms for condition
&amp#27;[38;5;32m[AndroidUiautomator2Driver@50f4 (48f58814)]&amp#27;[0m Matched '/element' to command name 'findElement'
&amp#27;[38;5;32m[AndroidUiautomator2Driver@50f4 (48f58814)]&amp#27;[0m Proxying [POST /element] to [POST http://127.0.0.1:8200/session/4403cb60-da58-486a-b250-a831a9aeeb03/element] with body: {"strategy":"id","selector":"com.androidsample.generalstore:id/toolbar_title","context":"","multiple":false}
&amp#27;[38;5;32m[AndroidUiautomator2Driver@50f4 (48f58814)]&amp#27;[0m Got response with status 200: {"sessionId":"4403cb60-da58-486a-b250-a831a9aeeb03","value":{"ELEMENT":"00000000-0000-000f-ffff-ffff0000005c","element-6066-11e4-a52e-4f735466cecf":"00000000-0000-000f-ffff-ffff0000005c"}}
&amp#27;[38;5;32m[AndroidUiautomator2Driver@50f4 (48f58814)]&amp#27;[0m Responding to client with driver.findElement() result: {"element-6066-11e4-a52e-4f735466cecf":"00000000-0000-000f-ffff-ffff0000005c","ELEMENT":"00000000-0000-000f-ffff-ffff0000005c"}
&amp#27;[38;5;0m[HTTP]&amp#27;[0m &amp#27;[37m<-- POST /session/48f58814-9324-45e5-aebe-ca3eb176c9c0/element &amp#27;[39m&amp#27;[32m200&amp#27;[39m &amp#27;[90m94 ms - 137&amp#27;[39m
&amp#27;[38;5;0m[HTTP]&amp#27;[0m &amp#27;[90m&amp#27;[39m
&amp#27;[38;5;0m[HTTP]&amp#27;[0m &amp#27;[37m-->&amp#27;[39m &amp#27;[37mGET&amp#27;[39m &amp#27;[37m/session/48f58814-9324-45e5-aebe-ca3eb176c9c0/element/00000000-0000-000f-ffff-ffff0000005c/text&amp#27;[39m
&amp#27;[38;5;0m[HTTP]&amp#27;[0m &amp#27;[90m{}&amp#27;[39m
&amp#27;[38;5;32m[AndroidUiautomator2Driver@50f4 (48f58814)]&amp#27;[0m Driver proxy active, passing request on via HTTP proxy
&amp#27;[38;5;32m[AndroidUiautomator2Driver@50f4 (48f58814)]&amp#27;[0m Matched '/session/48f58814-9324-45e5-aebe-ca3eb176c9c0/element/00000000-0000-000f-ffff-ffff0000005c/text' to command name 'getText'
&amp#27;[38;5;32m[AndroidUiautomator2Driver@50f4 (48f58814)]&amp#27;[0m Proxying [GET /session/48f58814-9324-45e5-aebe-ca3eb176c9c0/element/00000000-0000-000f-ffff-ffff0000005c/text] to [GET http://127.0.0.1:8200/session/4403cb60-da58-486a-b250-a831a9aeeb03/element/00000000-0000-000f-ffff-ffff0000005c/text] with no body
&amp#27;[38;5;32m[AndroidUiautomator2Driver@50f4 (48f58814)]&amp#27;[0m Got response with status 200: {"sessionId":"4403cb60-da58-486a-b250-a831a9aeeb03","value":"Products"}
&amp#27;[38;5;32m[AndroidUiautomator2Driver@50f4 (48f58814)]&amp#27;[0m Replacing sessionId 4403cb60-da58-486a-b250-a831a9aeeb03 with 48f58814-9324-45e5-aebe-ca3eb176c9c0
&amp#27;[38;5;0m[HTTP]&amp#27;[0m &amp#27;[37m<-- GET /session/48f58814-9324-45e5-aebe-ca3eb176c9c0/element/00000000-0000-000f-ffff-ffff0000005c/text &amp#27;[39m&amp#27;[32m200&amp#27;[39m &amp#27;[90m44 ms - 71&amp#27;[39m
&amp#27;[38;5;0m[HTTP]&amp#27;[0m &amp#27;[90m&amp#27;[39m
&amp#27;[38;5;0m[HTTP]&amp#27;[0m &amp#27;[37m-->&amp#27;[39m &amp#27;[37mGET&amp#27;[39m &amp#27;[37m/session/48f58814-9324-45e5-aebe-ca3eb176c9c0/context&amp#27;[39m
&amp#27;[38;5;0m[HTTP]&amp#27;[0m &amp#27;[90m{}&amp#27;[39m
&amp#27;[38;5;32m[AndroidUiautomator2Driver@50f4 (48f58814)]&amp#27;[0m Calling AppiumDriver.getCurrentContext() with args: ["48f58814-9324-45e5-aebe-ca3eb176c9c0"]
&amp#27;[38;5;32m[AndroidUiautomator2Driver@50f4 (48f58814)]&amp#27;[0m Responding to client with driver.getCurrentContext() result: "NATIVE_APP"
&amp#27;[38;5;0m[HTTP]&amp#27;[0m &amp#27;[37m<-- GET /session/48f58814-9324-45e5-aebe-ca3eb176c9c0/context &amp#27;[39m&amp#27;[32m200&amp#27;[39m &amp#27;[90m2 ms - 22&amp#27;[39m
&amp#27;[38;5;0m[HTTP]&amp#27;[0m &amp#27;[90m&amp#27;[39m
&amp#27;[38;5;0m[HTTP]&amp#27;[0m &amp#27;[37m-->&amp#27;[39m &amp#27;[37mPOST&amp#27;[39m &amp#27;[37m/session/48f58814-9324-45e5-aebe-ca3eb176c9c0/elements&amp#27;[39m
&amp#27;[38;5;0m[HTTP]&amp#27;[0m &amp#27;[90m{"value":"//android.widget.TextView[@text='ADD TO CART']","using":"xpath"}&amp#27;[39m
&amp#27;[38;5;32m[AndroidUiautomator2Driver@50f4 (48f58814)]&amp#27;[0m Calling AppiumDriver.findElements() with args: ["xpath","//android.widget.TextView[@text='ADD TO CART']","48f58814-9324-45e5-aebe-ca3eb176c9c0"]
&amp#27;[38;5;32m[AndroidUiautomator2Driver@50f4 (48f58814)]&amp#27;[0m Valid locator strategies for this request: xpath, id, class name, accessibility id, css selector, -android uiautomator
&amp#27;[38;5;32m[AndroidUiautomator2Driver@50f4 (48f58814)]&amp#27;[0m Waiting up to 0 ms for condition
&amp#27;[38;5;32m[AndroidUiautomator2Driver@50f4 (48f58814)]&amp#27;[0m Matched '/elements' to command name 'findElements'
&amp#27;[38;5;32m[AndroidUiautomator2Driver@50f4 (48f58814)]&amp#27;[0m Proxying [POST /elements] to [POST http://127.0.0.1:8200/session/4403cb60-da58-486a-b250-a831a9aeeb03/elements] with body: {"strategy":"xpath","selector":"//android.widget.TextView[@text='ADD TO CART']","context":"","multiple":true}
&amp#27;[38;5;32m[AndroidUiautomator2Driver@50f4 (48f58814)]&amp#27;[0m Got response with status 200: {"sessionId":"4403cb60-da58-486a-b250-a831a9aeeb03","value":[{"ELEMENT":"00000000-0000-000f-ffff-ffff0000006d","element-6066-11e4-a52e-4f735466cecf":"00000000-0000-000f-ffff-ffff0000006d"},{"ELEMENT":"00000000-0000-000f-ffff-ffff00000075","element-6066-11e4-a52e-4f735466cecf":"00000000-0000-000f-ffff-ffff00000075"}]}
&amp#27;[38;5;32m[AndroidUiautomator2Driver@50f4 (48f58814)]&amp#27;[0m Responding to client with driver.findElements() result: [{"element-6066-11e4-a52e-4f735466cecf":"00000000-0000-000f-ffff-ffff0000006d","ELEMENT":"00000000-0000-000f-ffff-ffff0000006d"},{"element-6066-11e4-a52e-4f735466cecf":"00000000-0000-000f-ffff-ffff00000075","ELEMENT":"00000000-0000-000f-ffff-ffff00000075"}]
&amp#27;[38;5;0m[HTTP]&amp#27;[0m &amp#27;[37m<-- POST /session/48f58814-9324-45e5-aebe-ca3eb176c9c0/elements &amp#27;[39m&amp#27;[32m200&amp#27;[39m &amp#27;[90m119 ms - 267&amp#27;[39m
&amp#27;[38;5;0m[HTTP]&amp#27;[0m &amp#27;[90m&amp#27;[39m
2
&amp#27;[38;5;0m[HTTP]&amp#27;[0m &amp#27;[37m-->&amp#27;[39m &amp#27;[37mGET&amp#27;[39m &amp#27;[37m/session/48f58814-9324-45e5-aebe-ca3eb176c9c0/context&amp#27;[39m
&amp#27;[38;5;0m[HTTP]&amp#27;[0m &amp#27;[90m{}&amp#27;[39m
&amp#27;[38;5;32m[AndroidUiautomator2Driver@50f4 (48f58814)]&amp#27;[0m Calling AppiumDriver.getCurrentContext() with args: ["48f58814-9324-45e5-aebe-ca3eb176c9c0"]
&amp#27;[38;5;32m[AndroidUiautomator2Driver@50f4 (48f58814)]&amp#27;[0m Responding to client with driver.getCurrentContext() result: "NATIVE_APP"
&amp#27;[38;5;0m[HTTP]&amp#27;[0m &amp#27;[37m<-- GET /session/48f58814-9324-45e5-aebe-ca3eb176c9c0/context &amp#27;[39m&amp#27;[32m200&amp#27;[39m &amp#27;[90m2 ms - 22&amp#27;[39m
&amp#27;[38;5;0m[HTTP]&amp#27;[0m &amp#27;[90m&amp#27;[39m
&amp#27;[38;5;0m[HTTP]&amp#27;[0m &amp#27;[37m-->&amp#27;[39m &amp#27;[37mPOST&amp#27;[39m &amp#27;[37m/session/48f58814-9324-45e5-aebe-ca3eb176c9c0/elements&amp#27;[39m
&amp#27;[38;5;0m[HTTP]&amp#27;[0m &amp#27;[90m{"value":"//android.widget.TextView[@text='ADD TO CART']","using":"xpath"}&amp#27;[39m
&amp#27;[38;5;32m[AndroidUiautomator2Driver@50f4 (48f58814)]&amp#27;[0m Calling AppiumDriver.findElements() with args: ["xpath","//android.widget.TextView[@text='ADD TO CART']","48f58814-9324-45e5-aebe-ca3eb176c9c0"]
&amp#27;[38;5;32m[AndroidUiautomator2Driver@50f4 (48f58814)]&amp#27;[0m Valid locator strategies for this request: xpath, id, class name, accessibility id, css selector, -android uiautomator
&amp#27;[38;5;32m[AndroidUiautomator2Driver@50f4 (48f58814)]&amp#27;[0m Waiting up to 0 ms for condition
&amp#27;[38;5;32m[AndroidUiautomator2Driver@50f4 (48f58814)]&amp#27;[0m Matched '/elements' to command name 'findElements'
&amp#27;[38;5;32m[AndroidUiautomator2Driver@50f4 (48f58814)]&amp#27;[0m Proxying [POST /elements] to [POST http://127.0.0.1:8200/session/4403cb60-da58-486a-b250-a831a9aeeb03/elements] with body: {"strategy":"xpath","selector":"//android.widget.TextView[@text='ADD TO CART']","context":"","multiple":true}
&amp#27;[38;5;32m[AndroidUiautomator2Driver@50f4 (48f58814)]&amp#27;[0m Got response with status 200: {"sessionId":"4403cb60-da58-486a-b250-a831a9aeeb03","value":[{"ELEMENT":"00000000-0000-000f-ffff-ffff0000006d","element-6066-11e4-a52e-4f735466cecf":"00000000-0000-000f-ffff-ffff0000006d"},{"ELEMENT":"00000000-0000-000f-ffff-ffff00000075","element-6066-11e4-a52e-4f735466cecf":"00000000-0000-000f-ffff-ffff00000075"}]}
&amp#27;[38;5;32m[AndroidUiautomator2Driver@50f4 (48f58814)]&amp#27;[0m Responding to client with driver.findElements() result: [{"element-6066-11e4-a52e-4f735466cecf":"00000000-0000-000f-ffff-ffff0000006d","ELEMENT":"00000000-0000-000f-ffff-ffff0000006d"},{"element-6066-11e4-a52e-4f735466cecf":"00000000-0000-000f-ffff-ffff00000075","ELEMENT":"00000000-0000-000f-ffff-ffff00000075"}]
&amp#27;[38;5;0m[HTTP]&amp#27;[0m &amp#27;[37m<-- POST /session/48f58814-9324-45e5-aebe-ca3eb176c9c0/elements &amp#27;[39m&amp#27;[32m200&amp#27;[39m &amp#27;[90m284 ms - 267&amp#27;[39m
&amp#27;[38;5;0m[HTTP]&amp#27;[0m &amp#27;[90m&amp#27;[39m
&amp#27;[38;5;0m[HTTP]&amp#27;[0m &amp#27;[37m-->&amp#27;[39m &amp#27;[37mPOST&amp#27;[39m &amp#27;[37m/session/48f58814-9324-45e5-aebe-ca3eb176c9c0/element/00000000-0000-000f-ffff-ffff0000006d/click&amp#27;[39m
&amp#27;[38;5;0m[HTTP]&amp#27;[0m &amp#27;[90m{"id":"00000000-0000-000f-ffff-ffff0000006d"}&amp#27;[39m
&amp#27;[38;5;32m[AndroidUiautomator2Driver@50f4 (48f58814)]&amp#27;[0m Calling AppiumDriver.click() with args: ["00000000-0000-000f-ffff-ffff0000006d","48f58814-9324-45e5-aebe-ca3eb176c9c0"]
&amp#27;[38;5;32m[AndroidUiautomator2Driver@50f4 (48f58814)]&amp#27;[0m Matched '/element/00000000-0000-000f-ffff-ffff0000006d/click' to command name 'click'
&amp#27;[38;5;32m[AndroidUiautomator2Driver@50f4 (48f58814)]&amp#27;[0m Proxying [POST /element/00000000-0000-000f-ffff-ffff0000006d/click] to [POST http://127.0.0.1:8200/session/4403cb60-da58-486a-b250-a831a9aeeb03/element/00000000-0000-000f-ffff-ffff0000006d/click] with body: {"element":"00000000-0000-000f-ffff-ffff0000006d"}
&amp#27;[38;5;32m[AndroidUiautomator2Driver@50f4 (48f58814)]&amp#27;[0m Got response with status 200: {"sessionId":"4403cb60-da58-486a-b250-a831a9aeeb03","value":null}
&amp#27;[38;5;32m[AndroidUiautomator2Driver@50f4 (48f58814)]&amp#27;[0m Responding to client with driver.click() result: null
&amp#27;[38;5;0m[HTTP]&amp#27;[0m &amp#27;[37m<-- POST /session/48f58814-9324-45e5-aebe-ca3eb176c9c0/element/00000000-0000-000f-ffff-ffff0000006d/click &amp#27;[39m&amp#27;[32m200&amp#27;[39m &amp#27;[90m617 ms - 14&amp#27;[39m
&amp#27;[38;5;0m[HTTP]&amp#27;[0m &amp#27;[90m&amp#27;[39m
&amp#27;[38;5;0m[HTTP]&amp#27;[0m &amp#27;[37m-->&amp#27;[39m &amp#27;[37mGET&amp#27;[39m &amp#27;[37m/session/48f58814-9324-45e5-aebe-ca3eb176c9c0/context&amp#27;[39m
&amp#27;[38;5;0m[HTTP]&amp#27;[0m &amp#27;[90m{}&amp#27;[39m
&amp#27;[38;5;32m[AndroidUiautomator2Driver@50f4 (48f58814)]&amp#27;[0m Calling AppiumDriver.getCurrentContext() with args: ["48f58814-9324-45e5-aebe-ca3eb176c9c0"]
&amp#27;[38;5;32m[AndroidUiautomator2Driver@50f4 (48f58814)]&amp#27;[0m Responding to client with driver.getCurrentContext() result: "NATIVE_APP"
&amp#27;[38;5;0m[HTTP]&amp#27;[0m &amp#27;[37m<-- GET /session/48f58814-9324-45e5-aebe-ca3eb176c9c0/context &amp#27;[39m&amp#27;[32m200&amp#27;[39m &amp#27;[90m1 ms - 22&amp#27;[39m
&amp#27;[38;5;0m[HTTP]&amp#27;[0m &amp#27;[90m&amp#27;[39m
&amp#27;[38;5;0m[HTTP]&amp#27;[0m &amp#27;[37m-->&amp#27;[39m &amp#27;[37mPOST&amp#27;[39m &amp#27;[37m/session/48f58814-9324-45e5-aebe-ca3eb176c9c0/elements&amp#27;[39m
&amp#27;[38;5;0m[HTTP]&amp#27;[0m &amp#27;[90m{"value":"//android.widget.TextView[@text='ADD TO CART']","using":"xpath"}&amp#27;[39m
&amp#27;[38;5;32m[AndroidUiautomator2Driver@50f4 (48f58814)]&amp#27;[0m Calling AppiumDriver.findElements() with args: ["xpath","//android.widget.TextView[@text='ADD TO CART']","48f58814-9324-45e5-aebe-ca3eb176c9c0"]
&amp#27;[38;5;32m[AndroidUiautomator2Driver@50f4 (48f58814)]&amp#27;[0m Valid locator strategies for this request: xpath, id, class name, accessibility id, css selector, -android uiautomator
&amp#27;[38;5;32m[AndroidUiautomator2Driver@50f4 (48f58814)]&amp#27;[0m Waiting up to 0 ms for condition
&amp#27;[38;5;32m[AndroidUiautomator2Driver@50f4 (48f58814)]&amp#27;[0m Matched '/elements' to command name 'findElements'
&amp#27;[38;5;32m[AndroidUiautomator2Driver@50f4 (48f58814)]&amp#27;[0m Proxying [POST /elements] to [POST http://127.0.0.1:8200/session/4403cb60-da58-486a-b250-a831a9aeeb03/elements] with body: {"strategy":"xpath","selector":"//android.widget.TextView[@text='ADD TO CART']","context":"","multiple":true}
&amp#27;[38;5;32m[AndroidUiautomator2Driver@50f4 (48f58814)]&amp#27;[0m Got response with status 200: {"sessionId":"4403cb60-da58-486a-b250-a831a9aeeb03","value":[{"ELEMENT":"00000000-0000-000f-ffff-ffff00000075","element-6066-11e4-a52e-4f735466cecf":"00000000-0000-000f-ffff-ffff00000075"}]}
&amp#27;[38;5;32m[AndroidUiautomator2Driver@50f4 (48f58814)]&amp#27;[0m Responding to client with driver.findElements() result: [{"element-6066-11e4-a52e-4f735466cecf":"00000000-0000-000f-ffff-ffff00000075","ELEMENT":"00000000-0000-000f-ffff-ffff00000075"}]
&amp#27;[38;5;0m[HTTP]&amp#27;[0m &amp#27;[37m<-- POST /session/48f58814-9324-45e5-aebe-ca3eb176c9c0/elements &amp#27;[39m&amp#27;[32m200&amp#27;[39m &amp#27;[90m162 ms - 139&amp#27;[39m
&amp#27;[38;5;0m[HTTP]&amp#27;[0m &amp#27;[90m&amp#27;[39m
1
&amp#27;[38;5;0m[HTTP]&amp#27;[0m &amp#27;[37m-->&amp#27;[39m &amp#27;[37mGET&amp#27;[39m &amp#27;[37m/session/48f58814-9324-45e5-aebe-ca3eb176c9c0/context&amp#27;[39m
&amp#27;[38;5;0m[HTTP]&amp#27;[0m &amp#27;[90m{}&amp#27;[39m
[...]
&amp#27;[38;5;32m[AndroidUiautomator2Driver@6dc3 (dd9b9291)]&amp#27;[0m Got response with status 200: {"sessionId":"c9c78628-6f0a-4246-b9d7-50eb83cc1365","value":null}
&amp#27;[38;5;32m[AndroidUiautomator2Driver@6dc3 (dd9b9291)]&amp#27;[0m Responding to client with driver.setValue() result: null
&amp#27;[38;5;0m[HTTP]&amp#27;[0m &amp#27;[37m<-- POST /session/dd9b9291-9462-4b26-a6e5-47da9028d731/element/00000000-0000-0027-ffff-ffff00000064/value &amp#27;[39m&amp#27;[32m200&amp#27;[39m &amp#27;[90m633 ms - 14&amp#27;[39m
&amp#27;[38;5;0m[HTTP]&amp#27;[0m &amp#27;[90m&amp#27;[39m
&amp#27;[38;5;0m[HTTP]&amp#27;[0m &amp#27;[37m-->&amp#27;[39m &amp#27;[37mPOST&amp#27;[39m &amp#27;[37m/session/dd9b9291-9462-4b26-a6e5-47da9028d731/element&amp#27;[39m
&amp#27;[38;5;0m[HTTP]&amp#27;[0m &amp#27;[90m{"value":"com.androidsample.generalstore:id/radioFemale","using":"id"}&amp#27;[39m
&amp#27;[38;5;32m[AndroidUiautomator2Driver@6dc3 (dd9b9291)]&amp#27;[0m Calling AppiumDriver.findElement() with args: ["id","com.androidsample.generalstore:id/radioFemale","dd9b9291-9462-4b26-a6e5-47da9028d731"]
&amp#27;[38;5;32m[AndroidUiautomator2Driver@6dc3 (dd9b9291)]&amp#27;[0m Valid locator strategies for this request: xpath, id, class name, accessibility id, css selector, -android uiautomator
&amp#27;[38;5;32m[AndroidUiautomator2Driver@6dc3 (dd9b9291)]&amp#27;[0m Waiting up to 0 ms for condition
&amp#27;[38;5;32m[AndroidUiautomator2Driver@6dc3 (dd9b9291)]&amp#27;[0m Matched '/element' to command name 'findElement'
&amp#27;[38;5;32m[AndroidUiautomator2Driver@6dc3 (dd9b9291)]&amp#27;[0m Proxying [POST /element] to [POST http://127.0.0.1:8200/session/c9c78628-6f0a-4246-b9d7-50eb83cc1365/element] with body: {"strategy":"id","selector":"com.androidsample.generalstore:id/radioFemale","context":"","multiple":false}
&amp#27;[38;5;32m[AndroidUiautomator2Driver@6dc3 (dd9b9291)]&amp#27;[0m Got response with status 200: {"sessionId":"c9c78628-6f0a-4246-b9d7-50eb83cc1365","value":{"ELEMENT":"00000000-0000-0027-ffff-ffff00000068","element-6066-11e4-a52e-4f735466cecf":"00000000-0000-0027-ffff-ffff00000068"}}
&amp#27;[38;5;32m[AndroidUiautomator2Driver@6dc3 (dd9b9291)]&amp#27;[0m Responding to client with driver.findElement() result: {"element-6066-11e4-a52e-4f735466cecf":"00000000-0000-0027-ffff-ffff00000068","ELEMENT":"00000000-0000-0027-ffff-ffff00000068"}
&amp#27;[38;5;0m[HTTP]&amp#27;[0m &amp#27;[37m<-- POST /session/dd9b9291-9462-4b26-a6e5-47da9028d731/element &amp#27;[39m&amp#27;[32m200&amp#27;[39m &amp#27;[90m514 ms - 137&amp#27;[39m
&amp#27;[38;5;0m[HTTP]&amp#27;[0m &amp#27;[90m&amp#27;[39m
&amp#27;[38;5;0m[HTTP]&amp#27;[0m &amp#27;[37m-->&amp#27;[39m &amp#27;[37mPOST&amp#27;[39m &amp#27;[37m/session/dd9b9291-9462-4b26-a6e5-47da9028d731/element/00000000-0000-0027-ffff-ffff00000068/click&amp#27;[39m
&amp#27;[38;5;0m[HTTP]&amp#27;[0m &amp#27;[90m{"id":"00000000-0000-0027-ffff-ffff00000068"}&amp#27;[39m
&amp#27;[38;5;32m[AndroidUiautomator2Driver@6dc3 (dd9b9291)]&amp#27;[0m Calling AppiumDriver.click() with args: ["00000000-0000-0027-ffff-ffff00000068","dd9b9291-9462-4b26-a6e5-47da9028d731"]
&amp#27;[38;5;32m[AndroidUiautomator2Driver@6dc3 (dd9b9291)]&amp#27;[0m Matched '/element/00000000-0000-0027-ffff-ffff00000068/click' to command name 'click'
&amp#27;[38;5;32m[AndroidUiautomator2Driver@6dc3 (dd9b9291)]&amp#27;[0m Proxying [POST /element/00000000-0000-0027-ffff-ffff00000068/click] to [POST http://127.0.0.1:8200/session/c9c78628-6f0a-4246-b9d7-50eb83cc1365/element/00000000-0000-0027-ffff-ffff00000068/click] with body: {"element":"00000000-0000-0027-ffff-ffff00000068"}
&amp#27;[38;5;32m[AndroidUiautomator2Driver@6dc3 (dd9b9291)]&amp#27;[0m Got response with status 200: {"sessionId":"c9c78628-6f0a-4246-b9d7-50eb83cc1365","value":null}
&amp#27;[38;5;32m[AndroidUiautomator2Driver@6dc3 (dd9b9291)]&amp#27;[0m Responding to client with driver.click() result: null
&amp#27;[38;5;0m[HTTP]&amp#27;[0m &amp#27;[37m<-- POST /session/dd9b9291-9462-4b26-a6e5-47da9028d731/element/00000000-0000-0027-ffff-ffff00000068/click &amp#27;[39m&amp#27;[32m200&amp#27;[39m &amp#27;[90m120 ms - 14&amp#27;[39m
&amp#27;[38;5;0m[HTTP]&amp#27;[0m &amp#27;[90m&amp#27;[39m
&amp#27;[38;5;0m[HTTP]&amp#27;[0m &amp#27;[37m-->&amp#27;[39m &amp#27;[37mGET&amp#27;[39m &amp#27;[37m/session/dd9b9291-9462-4b26-a6e5-47da9028d731/context&amp#27;[39m
&amp#27;[38;5;0m[HTTP]&amp#27;[0m &amp#27;[90m{}&amp#27;[39m
&amp#27;[38;5;32m[AndroidUiautomator2Driver@6dc3 (dd9b9291)]&amp#27;[0m Calling AppiumDriver.getCurrentContext() with args: ["dd9b9291-9462-4b26-a6e5-47da9028d731"]
&amp#27;[38;5;32m[AndroidUiautomator2Driver@6dc3 (dd9b9291)]&amp#27;[0m Responding to client with driver.getCurrentContext() result: "NATIVE_APP"
&amp#27;[38;5;0m[HTTP]&amp#27;[0m &amp#27;[37m<-- GET /session/dd9b9291-9462-4b26-a6e5-47da9028d731/context &amp#27;[39m&amp#27;[32m200&amp#27;[39m &amp#27;[90m7 ms - 22&amp#27;[39m
&amp#27;[38;5;0m[HTTP]&amp#27;[0m &amp#27;[90m&amp#27;[39m
&amp#27;[38;5;0m[HTTP]&amp#27;[0m &amp#27;[37m-->&amp#27;[39m &amp#27;[37mPOST&amp#27;[39m &amp#27;[37m/session/dd9b9291-9462-4b26-a6e5-47da9028d731/element&amp#27;[39m
&amp#27;[38;5;0m[HTTP]&amp#27;[0m &amp#27;[90m{"value":"android:id/text1","using":"id"}&amp#27;[39m
&amp#27;[38;5;32m[AndroidUiautomator2Driver@6dc3 (dd9b9291)]&amp#27;[0m Calling AppiumDriver.findElement() with args: ["id","android:id/text1","dd9b9291-9462-4b26-a6e5-47da9028d731"]
&amp#27;[38;5;32m[AndroidUiautomator2Driver@6dc3 (dd9b9291)]&amp#27;[0m Valid locator strategies for this request: xpath, id, class name, accessibility id, css selector, -android uiautomator
&amp#27;[38;5;32m[AndroidUiautomator2Driver@6dc3 (dd9b9291)]&amp#27;[0m Waiting up to 0 ms for condition
&amp#27;[38;5;32m[AndroidUiautomator2Driver@6dc3 (dd9b9291)]&amp#27;[0m Matched '/element' to command name 'findElement'
&amp#27;[38;5;32m[AndroidUiautomator2Driver@6dc3 (dd9b9291)]&amp#27;[0m Proxying [POST /element] to [POST http://127.0.0.1:8200/session/c9c78628-6f0a-4246-b9d7-50eb83cc1365/element] with body: {"strategy":"id","selector":"android:id/text1","context":"","multiple":false}
&amp#27;[38;5;32m[AndroidUiautomator2Driver@6dc3 (dd9b9291)]&amp#27;[0m Got response with status 200: {"sessionId":"c9c78628-6f0a-4246-b9d7-50eb83cc1365","value":{"ELEMENT":"00000000-0000-0027-ffff-ffff0000006c","element-6066-11e4-a52e-4f735466cecf":"00000000-0000-0027-ffff-ffff0000006c"}}
&amp#27;[38;5;32m[AndroidUiautomator2Driver@6dc3 (dd9b9291)]&amp#27;[0m Responding to client with driver.findElement() result: {"element-6066-11e4-a52e-4f735466cecf":"00000000-0000-0027-ffff-ffff0000006c","ELEMENT":"00000000-0000-0027-ffff-ffff0000006c"}
&amp#27;[38;5;0m[HTTP]&amp#27;[0m &amp#27;[37m<-- POST /session/dd9b9291-9462-4b26-a6e5-47da9028d731/element &amp#27;[39m&amp#27;[32m200&amp#27;[39m &amp#27;[90m170 ms - 137&amp#27;[39m
&amp#27;[38;5;0m[HTTP]&amp#27;[0m &amp#27;[90m&amp#27;[39m
&amp#27;[38;5;0m[HTTP]&amp#27;[0m &amp#27;[37m-->&amp#27;[39m &amp#27;[37mPOST&amp#27;[39m &amp#27;[37m/session/dd9b9291-9462-4b26-a6e5-47da9028d731/element/00000000-0000-0027-ffff-ffff0000006c/click&amp#27;[39m
&amp#27;[38;5;0m[HTTP]&amp#27;[0m &amp#27;[90m{"id":"00000000-0000-0027-ffff-ffff0000006c"}&amp#27;[39m
&amp#27;[38;5;32m[AndroidUiautomator2Driver@6dc3 (dd9b9291)]&amp#27;[0m Calling AppiumDriver.click() with args: ["00000000-0000-0027-ffff-ffff0000006c","dd9b9291-9462-4b26-a6e5-47da9028d731"]
&amp#27;[38;5;32m[AndroidUiautomator2Driver@6dc3 (dd9b9291)]&amp#27;[0m Matched '/element/00000000-0000-0027-ffff-ffff0000006c/click' to command name 'click'
&amp#27;[38;5;32m[AndroidUiautomator2Driver@6dc3 (dd9b9291)]&amp#27;[0m Proxying [POST /element/00000000-0000-0027-ffff-ffff0000006c/click] to [POST http://127.0.0.1:8200/session/c9c78628-6f0a-4246-b9d7-50eb83cc1365/element/00000000-0000-0027-ffff-ffff0000006c/click] with body: {"element":"00000000-0000-0027-ffff-ffff0000006c"}
&amp#27;[38;5;32m[AndroidUiautomator2Driver@6dc3 (dd9b9291)]&amp#27;[0m Got response with status 200: {"sessionId":"c9c78628-6f0a-4246-b9d7-50eb83cc1365","value":null}
&amp#27;[38;5;32m[AndroidUiautomator2Driver@6dc3 (dd9b9291)]&amp#27;[0m Responding to client with driver.click() result: null
&amp#27;[38;5;0m[HTTP]&amp#27;[0m &amp#27;[37m<-- POST /session/dd9b9291-9462-4b26-a6e5-47da9028d731/element/00000000-0000-0027-ffff-ffff0000006c/click &amp#27;[39m&amp#27;[32m200&amp#27;[39m &amp#27;[90m564 ms - 14&amp#27;[39m
&amp#27;[38;5;0m[HTTP]&amp#27;[0m &amp#27;[90m&amp#27;[39m
&amp#27;[38;5;0m[HTTP]&amp#27;[0m &amp#27;[37m-->&amp#27;[39m &amp#27;[37mPOST&amp#27;[39m &amp#27;[37m/session/dd9b9291-9462-4b26-a6e5-47da9028d731/element&amp#27;[39m
&amp#27;[38;5;0m[HTTP]&amp#27;[0m &amp#27;[90m{"value":"new UiScrollable(new UiSelector()).scrollIntoView(text(\"Algeria\"));","using":"-android uiautomator"}&amp#27;[39m
&amp#27;[38;5;32m[AndroidUiautomator2Driver@6dc3 (dd9b9291)]&amp#27;[0m Calling AppiumDriver.findElement() with args: ["-android uiautomator","new UiScrollable(new UiSelector()).scrollIntoView(text(\"Algeria\"));","dd9b9291-9462-4b26-a6e5-47da9028d731"]
&amp#27;[38;5;32m[AndroidUiautomator2Driver@6dc3 (dd9b9291)]&amp#27;[0m Valid locator strategies for this request: xpath, id, class name, accessibility id, css selector, -android uiautomator
&amp#27;[38;5;32m[AndroidUiautomator2Driver@6dc3 (dd9b9291)]&amp#27;[0m Waiting up to 0 ms for condition
&amp#27;[38;5;32m[AndroidUiautomator2Driver@6dc3 (dd9b9291)]&amp#27;[0m Matched '/element' to command name 'findElement'
&amp#27;[38;5;32m[AndroidUiautomator2Driver@6dc3 (dd9b9291)]&amp#27;[0m Proxying [POST /element] to [POST http://127.0.0.1:8200/session/c9c78628-6f0a-4246-b9d7-50eb83cc1365/element] with body: {"strategy":"-android uiautomator","selector":"new UiScrollable(new UiSelector()).scrollIntoView(text(\"Algeria\"));","context":"","multiple":false}
&amp#27;[38;5;32m[AndroidUiautomator2Driver@6dc3 (dd9b9291)]&amp#27;[0m Got response with status 200: {"sessionId":"c9c78628-6f0a-4246-b9d7-50eb83cc1365","value":{"ELEMENT":"00000000-0000-0028-ffff-ffff00000073","element-6066-11e4-a52e-4f735466cecf":"00000000-0000-0028-ffff-ffff00000073"}}
&amp#27;[38;5;32m[AndroidUiautomator2Driver@6dc3 (dd9b9291)]&amp#27;[0m Responding to client with driver.findElement() result: {"element-6066-11e4-a52e-4f735466cecf":"00000000-0000-0028-ffff-ffff00000073","ELEMENT":"00000000-0000-0028-ffff-ffff00000073"}
&amp#27;[38;5;0m[HTTP]&amp#27;[0m &amp#27;[37m<-- POST /session/dd9b9291-9462-4b26-a6e5-47da9028d731/element &amp#27;[39m&amp#27;[32m200&amp#27;[39m &amp#27;[90m1597 ms - 137&amp#27;[39m
&amp#27;[38;5;0m[HTTP]&amp#27;[0m &amp#27;[90m&amp#27;[39m
&amp#27;[38;5;0m[HTTP]&amp#27;[0m &amp#27;[37m-->&amp#27;[39m &amp#27;[37mPOST&amp#27;[39m &amp#27;[37m/session/dd9b9291-9462-4b26-a6e5-47da9028d731/element&amp#27;[39m
&amp#27;[38;5;0m[HTTP]&amp#27;[0m &amp#27;[90m{"value":"//android.widget.TextView[@text=\"Algeria\"]","using":"xpath"}&amp#27;[39m
&amp#27;[38;5;32m[AndroidUiautomator2Driver@6dc3 (dd9b9291)]&amp#27;[0m Calling AppiumDriver.findElement() with args: ["xpath","//android.widget.TextView[@text=\"Algeria\"]","dd9b9291-9462-4b26-a6e5-47da9028d731"]
&amp#27;[38;5;32m[AndroidUiautomator2Driver@6dc3 (dd9b9291)]&amp#27;[0m Valid locator strategies for this request: xpath, id, class name, accessibility id, css selector, -android uiautomator
&amp#27;[38;5;32m[AndroidUiautomator2Driver@6dc3 (dd9b9291)]&amp#27;[0m Waiting up to 0 ms for condition
&amp#27;[38;5;32m[AndroidUiautomator2Driver@6dc3 (dd9b9291)]&amp#27;[0m Matched '/element' to command name 'findElement'
&amp#27;[38;5;32m[AndroidUiautomator2Driver@6dc3 (dd9b9291)]&amp#27;[0m Proxying [POST /element] to [POST http://127.0.0.1:8200/session/c9c78628-6f0a-4246-b9d7-50eb83cc1365/element] with body: {"strategy":"xpath","selector":"//android.widget.TextView[@text=\"Algeria\"]","context":"","multiple":false}
&amp#27;[38;5;32m[AndroidUiautomator2Driver@6dc3 (dd9b9291)]&amp#27;[0m Got response with status 200: {"sessionId":"c9c78628-6f0a-4246-b9d7-50eb83cc1365","value":{"ELEMENT":"00000000-0000-0028-ffff-ffff00000073","element-6066-11e4-a52e-4f735466cecf":"00000000-0000-0028-ffff-ffff00000073"}}
&amp#27;[38;5;32m[AndroidUiautomator2Driver@6dc3 (dd9b9291)]&amp#27;[0m Responding to client with driver.findElement() result: {"element-6066-11e4-a52e-4f735466cecf":"00000000-0000-0028-ffff-ffff00000073","ELEMENT":"00000000-0000-0028-ffff-ffff00000073"}
&amp#27;[38;5;0m[HTTP]&amp#27;[0m &amp#27;[37m<-- POST /session/dd9b9291-9462-4b26-a6e5-47da9028d731/element &amp#27;[39m&amp#27;[32m200&amp#27;[39m &amp#27;[90m48 ms - 137&amp#27;[39m
&amp#27;[38;5;0m[HTTP]&amp#27;[0m &amp#27;[90m&amp#27;[39m
&amp#27;[38;5;0m[HTTP]&amp#27;[0m &amp#27;[37m-->&amp#27;[39m &amp#27;[37mPOST&amp#27;[39m &amp#27;[37m/session/dd9b9291-9462-4b26-a6e5-47da9028d731/element/00000000-0000-0028-ffff-ffff00000073/click&amp#27;[39m
&amp#27;[38;5;0m[HTTP]&amp#27;[0m &amp#27;[90m{"id":"00000000-0000-0028-ffff-ffff00000073"}&amp#27;[39m
&amp#27;[38;5;32m[AndroidUiautomator2Driver@6dc3 (dd9b9291)]&amp#27;[0m Calling AppiumDriver.click() with args: ["00000000-0000-0028-ffff-ffff00000073","dd9b9291-9462-4b26-a6e5-47da9028d731"]
&amp#27;[38;5;32m[AndroidUiautomator2Driver@6dc3 (dd9b9291)]&amp#27;[0m Matched '/element/00000000-0000-0028-ffff-ffff00000073/click' to command name 'click'
&amp#27;[38;5;32m[AndroidUiautomator2Driver@6dc3 (dd9b9291)]&amp#27;[0m Proxying [POST /element/00000000-0000-0028-ffff-ffff00000073/click] to [POST http://127.0.0.1:8200/session/c9c78628-6f0a-4246-b9d7-50eb83cc1365/element/00000000-0000-0028-ffff-ffff00000073/click] with body: {"element":"00000000-0000-0028-ffff-ffff00000073"}
&amp#27;[38;5;32m[AndroidUiautomator2Driver@6dc3 (dd9b9291)]&amp#27;[0m Got response with status 200: {"sessionId":"c9c78628-6f0a-4246-b9d7-50eb83cc1365","value":null}
&amp#27;[38;5;32m[AndroidUiautomator2Driver@6dc3 (dd9b9291)]&amp#27;[0m Responding to client with driver.click() result: null
&amp#27;[38;5;0m[HTTP]&amp#27;[0m &amp#27;[37m<-- POST /session/dd9b9291-9462-4b26-a6e5-47da9028d731/element/00000000-0000-0028-ffff-ffff00000073/click &amp#27;[39m&amp#27;[32m200&amp#27;[39m &amp#27;[90m869 ms - 14&amp#27;[39m
&amp#27;[38;5;0m[HTTP]&amp#27;[0m &amp#27;[90m&amp#27;[39m
&amp#27;[38;5;0m[HTTP]&amp#27;[0m &amp#27;[37m-->&amp#27;[39m &amp#27;[37mPOST&amp#27;[39m &amp#27;[37m/session/dd9b9291-9462-4b26-a6e5-47da9028d731/element&amp#27;[39m
&amp#27;[38;5;0m[HTTP]&amp#27;[0m &amp#27;[90m{"value":"com.androidsample.generalstore:id/btnLetsShop","using":"id"}&amp#27;[39m
&amp#27;[38;5;32m[AndroidUiautomator2Driver@6dc3 (dd9b9291)]&amp#27;[0m Calling AppiumDriver.findElement() with args: ["id","com.androidsample.generalstore:id/btnLetsShop","dd9b9291-9462-4b26-a6e5-47da9028d731"]
&amp#27;[38;5;32m[AndroidUiautomator2Driver@6dc3 (dd9b9291)]&amp#27;[0m Valid locator strategies for this request: xpath, id, class name, accessibility id, css selector, -android uiautomator
&amp#27;[38;5;32m[AndroidUiautomator2Driver@6dc3 (dd9b9291)]&amp#27;[0m Waiting up to 0 ms for condition
&amp#27;[38;5;32m[AndroidUiautomator2Driver@6dc3 (dd9b9291)]&amp#27;[0m Matched '/element' to command name 'findElement'
&amp#27;[38;5;32m[AndroidUiautomator2Driver@6dc3 (dd9b9291)]&amp#27;[0m Proxying [POST /element] to [POST http://127.0.0.1:8200/session/c9c78628-6f0a-4246-b9d7-50eb83cc1365/element] with body: {"strategy":"id","selector":"com.androidsample.generalstore:id/btnLetsShop","context":"","multiple":false}
&amp#27;[38;5;32m[AndroidUiautomator2Driver@6dc3 (dd9b9291)]&amp#27;[0m Got response with status 200: {"sessionId":"c9c78628-6f0a-4246-b9d7-50eb83cc1365","value":{"ELEMENT":"00000000-0000-0027-ffff-ffff00000069","element-6066-11e4-a52e-4f735466cecf":"00000000-0000-0027-ffff-ffff00000069"}}
&amp#27;[38;5;32m[AndroidUiautomator2Driver@6dc3 (dd9b9291)]&amp#27;[0m Responding to client with driver.findElement() result: {"element-6066-11e4-a52e-4f735466cecf":"00000000-0000-0027-ffff-ffff00000069","ELEMENT":"00000000-0000-0027-ffff-ffff00000069"}
&amp#27;[38;5;0m[HTTP]&amp#27;[0m &amp#27;[37m<-- POST /session/dd9b9291-9462-4b26-a6e5-47da9028d731/element &amp#27;[39m&amp#27;[32m200&amp#27;[39m &amp#27;[90m48 ms - 137&amp#27;[39m
&amp#27;[38;5;0m[HTTP]&amp#27;[0m &amp#27;[90m&amp#27;[39m
&amp#27;[38;5;0m[HTTP]&amp#27;[0m &amp#27;[37m-->&amp#27;[39m &amp#27;[37mPOST&amp#27;[39m &amp#27;[37m/session/dd9b9291-9462-4b26-a6e5-47da9028d731/element/00000000-0000-0027-ffff-ffff00000069/click&amp#27;[39m
&amp#27;[38;5;0m[HTTP]&amp#27;[0m &amp#27;[90m{"id":"00000000-0000-0027-ffff-ffff00000069"}&amp#27;[39m
&amp#27;[38;5;32m[AndroidUiautomator2Driver@6dc3 (dd9b9291)]&amp#27;[0m Calling AppiumDriver.click() with args: ["00000000-0000-0027-ffff-ffff00000069","dd9b9291-9462-4b26-a6e5-47da9028d731"]
&amp#27;[38;5;32m[AndroidUiautomator2Driver@6dc3 (dd9b9291)]&amp#27;[0m Matched '/element/00000000-0000-0027-ffff-ffff00000069/click' to command name 'click'
&amp#27;[38;5;32m[AndroidUiautomator2Driver@6dc3 (dd9b9291)]&amp#27;[0m Proxying [POST /element/00000000-0000-0027-ffff-ffff00000069/click] to [POST http://127.0.0.1:8200/session/c9c78628-6f0a-4246-b9d7-50eb83cc1365/element/00000000-0000-0027-ffff-ffff00000069/click] with body: {"element":"00000000-0000-0027-ffff-ffff00000069"}
&amp#27;[38;5;32m[AndroidUiautomator2Driver@6dc3 (dd9b9291)]&amp#27;[0m Got response with status 200: {"sessionId":"c9c78628-6f0a-4246-b9d7-50eb83cc1365","value":null}
&amp#27;[38;5;32m[AndroidUiautomator2Driver@6dc3 (dd9b9291)]&amp#27;[0m Responding to client with driver.click() result: null
&amp#27;[38;5;0m[HTTP]&amp#27;[0m &amp#27;[37m<-- POST /session/dd9b9291-9462-4b26-a6e5-47da9028d731/element/00000000-0000-0027-ffff-ffff00000069/click &amp#27;[39m&amp#27;[32m200&amp#27;[39m &amp#27;[90m100 ms - 14&amp#27;[39m
&amp#27;[38;5;0m[HTTP]&amp#27;[0m &amp#27;[90m&amp#27;[39m
&amp#27;[38;5;0m[HTTP]&amp#27;[0m &amp#27;[37m-->&amp#27;[39m &amp#27;[37mPOST&amp#27;[39m &amp#27;[37m/session/dd9b9291-9462-4b26-a6e5-47da9028d731/elements&amp#27;[39m
&amp#27;[38;5;0m[HTTP]&amp#27;[0m &amp#27;[90m{"value":"(//android.widget.Toast)","using":"xpath"}&amp#27;[39m
&amp#27;[38;5;32m[AndroidUiautomator2Driver@6dc3 (dd9b9291)]&amp#27;[0m Calling AppiumDriver.findElements() with args: ["xpath","(//android.widget.Toast)","dd9b9291-9462-4b26-a6e5-47da9028d731"]
&amp#27;[38;5;32m[AndroidUiautomator2Driver@6dc3 (dd9b9291)]&amp#27;[0m Valid locator strategies for this request: xpath, id, class name, accessibility id, css selector, -android uiautomator
&amp#27;[38;5;32m[AndroidUiautomator2Driver@6dc3 (dd9b9291)]&amp#27;[0m Waiting up to 0 ms for condition
&amp#27;[38;5;32m[AndroidUiautomator2Driver@6dc3 (dd9b9291)]&amp#27;[0m Matched '/elements' to command name 'findElements'
&amp#27;[38;5;32m[AndroidUiautomator2Driver@6dc3 (dd9b9291)]&amp#27;[0m Proxying [POST /elements] to [POST http://127.0.0.1:8200/session/c9c78628-6f0a-4246-b9d7-50eb83cc1365/elements] with body: {"strategy":"xpath","selector":"(//android.widget.Toast)","context":"","multiple":true}
&amp#27;[38;5;32m[AndroidUiautomator2Driver@6dc3 (dd9b9291)]&amp#27;[0m Got response with status 200: {"sessionId":"c9c78628-6f0a-4246-b9d7-50eb83cc1365","value":[]}
&amp#27;[38;5;32m[AndroidUiautomator2Driver@6dc3 (dd9b9291)]&amp#27;[0m Responding to client with driver.findElements() result: []
&amp#27;[38;5;0m[HTTP]&amp#27;[0m &amp#27;[37m<-- POST /session/dd9b9291-9462-4b26-a6e5-47da9028d731/elements &amp#27;[39m&amp#27;[32m200&amp#27;[39m &amp#27;[90m2459 ms - 12&amp#27;[39m
&amp#27;[38;5;0m[HTTP]&amp#27;[0m &amp#27;[90m&amp#27;[39m
]]></system-out>
  </testcase>
</testsuite>